#
# There is insufficient memory for the Java Runtime Environment to continue.
# Native memory allocation (mmap) failed to map 134217728 bytes for G1 virtual space
# Possible reasons:
#   The system is out of physical RAM or swap space
#   The process is running with CompressedOops enabled, and the Java Heap may be blocking the growth of the native heap
# Possible solutions:
#   Reduce memory load on the system
#   Increase physical memory or swap space
#   Check if swap backing store is full
#   Decrease Java heap size (-Xmx/-Xms)
#   Decrease number of Java threads
#   Decrease Java thread stack sizes (-Xss)
#   Set larger code cache with -XX:ReservedCodeCacheSize=
#   JVM is running with Unscaled Compressed Oops mode in which the Java heap is
#     placed in the first 4GB address space. The Java Heap base address is the
#     maximum limit for the native heap growth. Please use -XX:HeapBaseMinAddress
#     to set the Java Heap base and to place the Java Heap above 4GB virtual address.
# This output file may be truncated or incomplete.
#
#  Out of Memory Error (os_windows.cpp:3530), pid=7660, tid=11808
#
# JRE version:  (18.0.1.1+2) (build )
# Java VM: Java HotSpot(TM) 64-Bit Server VM (18.0.1.1+2-6, mixed mode, sharing, tiered, compressed oops, compressed class ptrs, g1 gc, windows-amd64)
# No core dump will be written. Minidumps are not enabled by default on client versions of Windows
#

---------------  S U M M A R Y ------------

Command Line: C:\Users\maria\AppData\Local\Temp\surefire2376835525220069373\surefirebooter17907801831249924454.jar C:\Users\maria\AppData\Local\Temp\surefire2376835525220069373 2022-10-27T18-20-56_155-jvmRun1 surefire12329970983626439923tmp surefire_08058709593845046267tmp

Host: Intel(R) Core(TM) i5-8250U CPU @ 1.60GHz, 8 cores, 7G,  Windows 10 , 64 bit Build 19041 (10.0.19041.1889)
Time: Thu Oct 27 18:21:00 2022 Hora estándar, América Central elapsed time: 0.039507 seconds (0d 0h 0m 0s)

---------------  T H R E A D  ---------------

Current thread (0x000002120c77ed80):  JavaThread "Unknown thread" [_thread_in_vm, id=11808, stack(0x000000d42b400000,0x000000d42b500000)]

Stack: [0x000000d42b400000,0x000000d42b500000]
Native frames: (J=compiled Java code, j=interpreted, Vv=VM code, C=native code)
V  [jvm.dll+0x69887a]
V  [jvm.dll+0x7f38bd]
V  [jvm.dll+0x7f51ce]
V  [jvm.dll+0x7f5883]
V  [jvm.dll+0x25ca3f]
V  [jvm.dll+0x6957c9]
V  [jvm.dll+0x68a2fa]
V  [jvm.dll+0x321efb]
V  [jvm.dll+0x3298d6]
V  [jvm.dll+0x37e47e]
V  [jvm.dll+0x37e6af]
V  [jvm.dll+0x2f9c7a]
V  [jvm.dll+0x2facdd]
V  [jvm.dll+0x7c24f0]
V  [jvm.dll+0x38b801]
V  [jvm.dll+0x7a1203]
V  [jvm.dll+0x40d6bf]
V  [jvm.dll+0x40f091]
C  [jli.dll+0x526b]
C  [ucrtbase.dll+0x21bb2]
C  [KERNEL32.DLL+0x17034]
C  [ntdll.dll+0x526a1]


---------------  P R O C E S S  ---------------

Threads class SMR info:
_java_thread_list=0x00007ffa06a4d550, length=0, elements={
}

Java Threads: ( => current thread )

Other Threads:
  0x000002120c7de880 WorkerThread "GC Thread#0" [stack: 0x000000d42b500000,0x000000d42b600000] [id=6168]
  0x000002120c7ef4f0 ConcurrentGCThread "G1 Main Marker" [stack: 0x000000d42b600000,0x000000d42b700000] [id=1572]
  0x000002120c7efee0 WorkerThread "G1 Conc#0" [stack: 0x000000d42b700000,0x000000d42b800000] [id=7268]

[error occurred during error reporting (printing all threads), id 0xc0000005, EXCEPTION_ACCESS_VIOLATION (0xc0000005) at pc=0x00007ffa0627a217]

VM state: not at safepoint (not fully initialized)

VM Mutex/Monitor currently owned by a thread:  ([mutex/lock_event])
[0x000002120c77a6c0] Heap_lock - owner thread: 0x000002120c77ed80

Heap address: 0x0000000081600000, size: 2026 MB, Compressed Oops mode: 32-bit

CDS archive(s) mapped at: [0x0000000000000000-0x0000000000000000-0x0000000000000000), size 0, SharedBaseAddress: 0x0000000800000000, ArchiveRelocationMode: 0.
Narrow klass base: 0x0000000000000000, Narrow klass shift: 0, Narrow klass range: 0x0

GC Precious Log:
 CardTable entry size: 512
 Card Set container configuration: InlinePtr #cards 5 size 8 Array Of Cards #cards 12 size 40 Howl #buckets 4 coarsen threshold 1843 Howl Bitmap #cards 512 size 80 coarsen threshold 460 Card regions per heap region 1 cards per card region 2048

Heap:
 garbage-first heap   total 0K, used 0K [0x0000000081600000, 0x0000000100000000)
  region size 1024K, 0 young (0K), 0 survivors (0K)

[error occurred during error reporting (printing heap information), id 0xc0000005, EXCEPTION_ACCESS_VIOLATION (0xc0000005) at pc=0x00007ffa06660cb9]

GC Heap History (0 events):
No events

Deoptimization events (0 events):
No events

Classes loaded (0 events):
No events

Classes unloaded (0 events):
No events

Classes redefined (0 events):
No events

Internal exceptions (0 events):
No events

VM Operations (0 events):
No events

Events (1 events):
Event: 0.029 Loaded shared library C:\Program Files\Java\jdk-18.0.1.1\bin\java.dll


Dynamic libraries:
0x00007ff747630000 - 0x00007ff747640000 	C:\Program Files\Java\jdk-18.0.1.1\bin\java.exe
0x00007ffa76f70000 - 0x00007ffa77168000 	C:\WINDOWS\SYSTEM32\ntdll.dll
0x00007ffa76e60000 - 0x00007ffa76f1d000 	C:\WINDOWS\System32\KERNEL32.DLL
0x00007ffa74a90000 - 0x00007ffa74d62000 	C:\WINDOWS\System32\KERNELBASE.dll
0x00007ffa748b0000 - 0x00007ffa749b0000 	C:\WINDOWS\System32\ucrtbase.dll
0x00007ffa708b0000 - 0x00007ffa708c8000 	C:\Program Files\Java\jdk-18.0.1.1\bin\jli.dll
0x00007ffa75bd0000 - 0x00007ffa75c7e000 	C:\WINDOWS\System32\ADVAPI32.dll
0x00007ffa76530000 - 0x00007ffa765ce000 	C:\WINDOWS\System32\msvcrt.dll
0x00007ffa765d0000 - 0x00007ffa7666c000 	C:\WINDOWS\System32\sechost.dll
0x00007ffa760f0000 - 0x00007ffa76215000 	C:\WINDOWS\System32\RPCRT4.dll
0x00007ffa76390000 - 0x00007ffa7652d000 	C:\WINDOWS\System32\USER32.dll
0x00007ffa749b0000 - 0x00007ffa749d2000 	C:\WINDOWS\System32\win32u.dll
0x00007ffa76730000 - 0x00007ffa7675b000 	C:\WINDOWS\System32\GDI32.dll
0x00007ffa74d70000 - 0x00007ffa74e7f000 	C:\WINDOWS\System32\gdi32full.dll
0x00007ffa74680000 - 0x00007ffa7471d000 	C:\WINDOWS\System32\msvcp_win.dll
0x00007ffa6df20000 - 0x00007ffa6df3a000 	C:\Program Files\Java\jdk-18.0.1.1\bin\VCRUNTIME140.dll
0x00007ffa67290000 - 0x00007ffa6752a000 	C:\WINDOWS\WinSxS\amd64_microsoft.windows.common-controls_6595b64144ccf1df_6.0.19041.1110_none_60b5254171f9507e\COMCTL32.dll
0x00007ffa6e590000 - 0x00007ffa6e59a000 	C:\WINDOWS\SYSTEM32\VERSION.dll
0x00007ffa76300000 - 0x00007ffa76330000 	C:\WINDOWS\System32\IMM32.DLL
0x00007ffa70310000 - 0x00007ffa7031c000 	C:\Program Files\Java\jdk-18.0.1.1\bin\vcruntime140_1.dll
0x00007ffa70930000 - 0x00007ffa709bd000 	C:\Program Files\Java\jdk-18.0.1.1\bin\msvcp140.dll
0x00007ffa05f70000 - 0x00007ffa06b80000 	C:\Program Files\Java\jdk-18.0.1.1\bin\server\jvm.dll
0x00007ffa76f20000 - 0x00007ffa76f28000 	C:\WINDOWS\System32\PSAPI.DLL
0x00007ffa70870000 - 0x00007ffa70879000 	C:\WINDOWS\SYSTEM32\WSOCK32.dll
0x00007ffa767c0000 - 0x00007ffa7682b000 	C:\WINDOWS\System32\WS2_32.dll
0x00007ffa717a0000 - 0x00007ffa717c7000 	C:\WINDOWS\SYSTEM32\WINMM.dll
0x00007ffa72540000 - 0x00007ffa72552000 	C:\WINDOWS\SYSTEM32\kernel.appcore.dll
0x00007ffa6ff30000 - 0x00007ffa6ff3a000 	C:\Program Files\Java\jdk-18.0.1.1\bin\jimage.dll
0x00007ffa6c820000 - 0x00007ffa6ca04000 	C:\WINDOWS\SYSTEM32\DBGHELP.DLL
0x00007ffa6c770000 - 0x00007ffa6c79c000 	C:\WINDOWS\SYSTEM32\dbgcore.DLL
0x00007ffa74f40000 - 0x00007ffa74fc2000 	C:\WINDOWS\System32\bcryptPrimitives.dll
0x00007ffa6c7c0000 - 0x00007ffa6c7e5000 	C:\Program Files\Java\jdk-18.0.1.1\bin\java.dll

dbghelp: loaded successfully - version: 4.0.5 - missing functions: none
symbol engine: initialized successfully - sym options: 0x614 - pdb path: .;C:\Program Files\Java\jdk-18.0.1.1\bin;C:\WINDOWS\SYSTEM32;C:\WINDOWS\WinSxS\amd64_microsoft.windows.common-controls_6595b64144ccf1df_6.0.19041.1110_none_60b5254171f9507e;C:\Program Files\Java\jdk-18.0.1.1\bin\server

VM Arguments:
java_command: C:\Users\maria\AppData\Local\Temp\surefire2376835525220069373\surefirebooter17907801831249924454.jar C:\Users\maria\AppData\Local\Temp\surefire2376835525220069373 2022-10-27T18-20-56_155-jvmRun1 surefire12329970983626439923tmp surefire_08058709593845046267tmp
java_class_path (initial): C:\Users\maria\AppData\Local\Temp\surefire2376835525220069373\surefirebooter17907801831249924454.jar
Launcher Type: SUN_STANDARD

[Global flags]
     intx CICompilerCount                          = 4                                         {product} {ergonomic}
     uint ConcGCThreads                            = 2                                         {product} {ergonomic}
     uint G1ConcRefinementThreads                  = 8                                         {product} {ergonomic}
   size_t G1HeapRegionSize                         = 1048576                                   {product} {ergonomic}
    uintx GCDrainStackTargetSize                   = 64                                        {product} {ergonomic}
   size_t InitialHeapSize                          = 134217728                                 {product} {ergonomic}
   size_t MarkStackSize                            = 4194304                                   {product} {ergonomic}
   size_t MaxHeapSize                              = 2124414976                                {product} {ergonomic}
   size_t MinHeapDeltaBytes                        = 1048576                                   {product} {ergonomic}
   size_t MinHeapSize                              = 8388608                                   {product} {ergonomic}
    uintx NonNMethodCodeHeapSize                   = 5839372                                {pd product} {ergonomic}
    uintx NonProfiledCodeHeapSize                  = 122909434                              {pd product} {ergonomic}
    uintx ProfiledCodeHeapSize                     = 122909434                              {pd product} {ergonomic}
    uintx ReservedCodeCacheSize                    = 251658240                              {pd product} {ergonomic}
     bool SegmentedCodeCache                       = true                                      {product} {ergonomic}
   size_t SoftMaxHeapSize                          = 2124414976                             {manageable} {ergonomic}
     bool UseCompressedClassPointers               = true                           {product lp64_product} {ergonomic}
     bool UseCompressedOops                        = true                           {product lp64_product} {ergonomic}
     bool UseG1GC                                  = true                                      {product} {ergonomic}
     bool UseLargePagesIndividualAllocation        = false                                  {pd product} {ergonomic}

Logging:
Log output configuration:
 #0: stdout all=warning uptime,level,tags foldmultilines=false
 #1: stderr all=off uptime,level,tags foldmultilines=false

Environment Variables:
JAVA_HOME=C:\Program Files\Java\jdk-18.0.1.1
PATH=C:\Program Files\Common Files\Oracle\Java\javapath;C:\WINDOWS\system32;C:\WINDOWS;C:\WINDOWS\System32\Wbem;C:\WINDOWS\System32\WindowsPowerShell\v1.0\;C:\WINDOWS\System32\OpenSSH\;C:\Program Files\Java\jdk-18.0.1.1\bin;C:\Program Files\Git\cmd;C:\Program Files\MySQL\MySQL Shell 8.0\bin\;C:\Users\maria\AppData\Local\Microsoft\WindowsApps;C:\ProgramData\maria\GitHubDesktop\bin;C:\Users\maria\AppData\Local\GitHubDesktop\bin
USERNAME=maria
OS=Windows_NT
PROCESSOR_IDENTIFIER=Intel64 Family 6 Model 142 Stepping 10, GenuineIntel



---------------  S Y S T E M  ---------------

OS:
 Windows 10 , 64 bit Build 19041 (10.0.19041.1889)
OS uptime: 15 days 18:08 hours

CPU: total 8 (initial active 8) (4 cores per cpu, 2 threads per core) family 6 model 142 stepping 10 microcode 0xb4, cx8, cmov, fxsr, ht, mmx, 3dnowpref, sse, sse2, sse3, ssse3, sse4.1, sse4.2, popcnt, lzcnt, tsc, tscinvbit, avx, avx2, aes, erms, clmul, bmi1, bmi2, adx, fma, vzeroupper, clflush, clflushopt

Memory: 4k page, system-wide physical 8101M (1595M free)
TotalPageFile size 32677M (AvailPageFile size 22M)
current process WorkingSet (physical memory assigned to process): 10M, peak: 10M
current process commit charge ("private bytes"): 60M, peak: 188M

vm_info: Java HotSpot(TM) 64-Bit Server VM (18.0.1.1+2-6) for windows-amd64 JRE (18.0.1.1+2-6), built on Apr 25 2022 21:53:15 by "mach5one" with MS VC++ 16.8 / 16.9 (VS2019)

END.
