#
# There is insufficient memory for the Java Runtime Environment to continue.
# Native memory allocation (malloc) failed to allocate 567264 bytes for Chunk::new
# Possible reasons:
#   The system is out of physical RAM or swap space
#   The process is running with CompressedOops enabled, and the Java Heap may be blocking the growth of the native heap
# Possible solutions:
#   Reduce memory load on the system
#   Increase physical memory or swap space
#   Check if swap backing store is full
#   Decrease Java heap size (-Xmx/-Xms)
#   Decrease number of Java threads
#   Decrease Java thread stack sizes (-Xss)
#   Set larger code cache with -XX:ReservedCodeCacheSize=
#   JVM is running with Unscaled Compressed Oops mode in which the Java heap is
#     placed in the first 4GB address space. The Java Heap base address is the
#     maximum limit for the native heap growth. Please use -XX:HeapBaseMinAddress
#     to set the Java Heap base and to place the Java Heap above 4GB virtual address.
# This output file may be truncated or incomplete.
#
#  Out of Memory Error (arena.cpp:184), pid=436, tid=4384
#
# JRE version: Java(TM) SE Runtime Environment (18.0.1.1+2) (build 18.0.1.1+2-6)
# Java VM: Java HotSpot(TM) 64-Bit Server VM (18.0.1.1+2-6, mixed mode, sharing, tiered, compressed oops, compressed class ptrs, g1 gc, windows-amd64)
# No core dump will be written. Minidumps are not enabled by default on client versions of Windows
#

---------------  S U M M A R Y ------------

Command Line: -Dclassworlds.conf=C:\Program Files\NetBeans-13\netbeans\java\maven\bin\m2.conf -Dmaven.home=C:\Program Files\NetBeans-13\netbeans\java\maven -Dlibrary.jansi.path=C:\Program Files\NetBeans-13\netbeans\java\maven\lib\jansi-native -Dmaven.multiModuleProjectDirectory=C:\Users\maria\OneDrive\Documentos\NetBeansProjects\Cine org.codehaus.plexus.classworlds.launcher.Launcher -Dmaven.ext.class.path=C:\Program Files\NetBeans-13\netbeans\java\maven-nblib\netbeans-eventspy.jar install

Host: Intel(R) Core(TM) i5-8250U CPU @ 1.60GHz, 8 cores, 7G,  Windows 10 , 64 bit Build 19041 (10.0.19041.1889)
Time: Thu Oct 27 18:23:21 2022 Hora estándar, América Central elapsed time: 2.786559 seconds (0d 0h 0m 2s)

---------------  T H R E A D  ---------------

Current thread (0x000001d9ea7766a0):  JavaThread "C2 CompilerThread0" daemon [_thread_in_native, id=4384, stack(0x000000566ee00000,0x000000566ef00000)]


Current CompileTask:
C2:   2786  945   !   4       sun.nio.cs.StreamDecoder::read (196 bytes)

Stack: [0x000000566ee00000,0x000000566ef00000]
Native frames: (J=compiled Java code, j=interpreted, Vv=VM code, C=native code)
V  [jvm.dll+0x69887a]
V  [jvm.dll+0x7f38bd]
V  [jvm.dll+0x7f51ce]
V  [jvm.dll+0x7f5883]
V  [jvm.dll+0x25ca3f]
V  [jvm.dll+0xb8c2f]
V  [jvm.dll+0xb8fa5]
V  [jvm.dll+0x385a6b]
V  [jvm.dll+0x1d29a8]
V  [jvm.dll+0x22fd79]
V  [jvm.dll+0x22eff1]
V  [jvm.dll+0x1b9cfc]
V  [jvm.dll+0x23e8ca]
V  [jvm.dll+0x23cbb5]
V  [jvm.dll+0x7a5fb1]
V  [jvm.dll+0x7a03ea]
V  [jvm.dll+0x697725]
C  [ucrtbase.dll+0x21bb2]
C  [KERNEL32.DLL+0x17034]
C  [ntdll.dll+0x526a1]


---------------  P R O C E S S  ---------------

Threads class SMR info:
_java_thread_list=0x000001d9ef5f0720, length=14, elements={
0x000001d9cc5b18b0, 0x000001d9ea74dc20, 0x000001d9ea74e880, 0x000001d9ea7662b0,
0x000001d9ea766c50, 0x000001d9ea7675f0, 0x000001d9ea76a0e0, 0x000001d9ea7766a0,
0x000001d9ea797fb0, 0x000001d9ea7a3690, 0x000001d9eecb70b0, 0x000001d9eecbe2e0,
0x000001d9ef611860, 0x000001d9ef58e890
}

Java Threads: ( => current thread )
  0x000001d9cc5b18b0 JavaThread "main" [_thread_in_vm, id=12272, stack(0x000000566e100000,0x000000566e200000)]
  0x000001d9ea74dc20 JavaThread "Reference Handler" daemon [_thread_blocked, id=6336, stack(0x000000566e800000,0x000000566e900000)]
  0x000001d9ea74e880 JavaThread "Finalizer" daemon [_thread_blocked, id=12000, stack(0x000000566e900000,0x000000566ea00000)]
  0x000001d9ea7662b0 JavaThread "Signal Dispatcher" daemon [_thread_blocked, id=7364, stack(0x000000566ea00000,0x000000566eb00000)]
  0x000001d9ea766c50 JavaThread "Attach Listener" daemon [_thread_blocked, id=2140, stack(0x000000566eb00000,0x000000566ec00000)]
  0x000001d9ea7675f0 JavaThread "Service Thread" daemon [_thread_blocked, id=4964, stack(0x000000566ec00000,0x000000566ed00000)]
  0x000001d9ea76a0e0 JavaThread "Monitor Deflation Thread" daemon [_thread_blocked, id=8460, stack(0x000000566ed00000,0x000000566ee00000)]
=>0x000001d9ea7766a0 JavaThread "C2 CompilerThread0" daemon [_thread_in_native, id=4384, stack(0x000000566ee00000,0x000000566ef00000)]
  0x000001d9ea797fb0 JavaThread "C1 CompilerThread0" daemon [_thread_blocked, id=6560, stack(0x000000566ef00000,0x000000566f000000)]
  0x000001d9ea7a3690 JavaThread "Sweeper thread" daemon [_thread_blocked, id=10188, stack(0x000000566f000000,0x000000566f100000)]
  0x000001d9eecb70b0 JavaThread "Notification Thread" daemon [_thread_blocked, id=10448, stack(0x000000566f100000,0x000000566f200000)]
  0x000001d9eecbe2e0 JavaThread "Common-Cleaner" daemon [_thread_blocked, id=10888, stack(0x000000566f300000,0x000000566f400000)]
  0x000001d9ef611860 JavaThread "C2 CompilerThread1" daemon [_thread_in_native, id=2616, stack(0x000000566f400000,0x000000566f500000)]
  0x000001d9ef58e890 JavaThread "C2 CompilerThread2" daemon [_thread_in_native, id=7468, stack(0x000000566f500000,0x000000566f600000)]

Other Threads:
  0x000001d9ea74ac20 VMThread "VM Thread" [stack: 0x000000566e700000,0x000000566e800000] [id=3884]
  0x000001d9eecbdab0 WatcherThread "VM Periodic Task Thread" [stack: 0x000000566f200000,0x000000566f300000] [id=3244]
  0x000001d9cc6103a0 WorkerThread "GC Thread#0" [stack: 0x000000566e200000,0x000000566e300000] [id=8976]
  0x000001d9cc622020 ConcurrentGCThread "G1 Main Marker" [stack: 0x000000566e300000,0x000000566e400000] [id=10860]
  0x000001d9cc622a10 WorkerThread "G1 Conc#0" [stack: 0x000000566e400000,0x000000566e500000] [id=14012]
  0x000001d9cc673550 ConcurrentGCThread "G1 Refine#0" [stack: 0x000000566e500000,0x000000566e600000] [id=11792]
  0x000001d9cc673e60 ConcurrentGCThread "G1 Service" [stack: 0x000000566e600000,0x000000566e700000] [id=12528]

Threads with active compile tasks:
C2 CompilerThread0     2852  945   !   4       sun.nio.cs.StreamDecoder::read (196 bytes)
C2 CompilerThread1     2852  951       4       org.codehaus.plexus.util.xml.XmlReader::read (11 bytes)
C2 CompilerThread2     2852  986       4       org.codehaus.plexus.util.xml.pull.MXParser::nextImpl (1202 bytes)

VM state: not at safepoint (normal execution)

VM Mutex/Monitor currently owned by a thread: None

Heap address: 0x0000000081600000, size: 2026 MB, Compressed Oops mode: 32-bit

CDS archive(s) mapped at: [0x0000000800000000-0x0000000800ba0000-0x0000000800ba0000), size 12189696, SharedBaseAddress: 0x0000000800000000, ArchiveRelocationMode: 0.
Compressed class space mapped at: 0x0000000800c00000-0x0000000840c00000, reserved size: 1073741824
Narrow klass base: 0x0000000800000000, Narrow klass shift: 0, Narrow klass range: 0x100000000

GC Precious Log:
 CardTable entry size: 512
 Card Set container configuration: InlinePtr #cards 5 size 8 Array Of Cards #cards 12 size 40 Howl #buckets 4 coarsen threshold 1843 Howl Bitmap #cards 512 size 80 coarsen threshold 460 Card regions per heap region 1 cards per card region 2048
 CPUs: 8 total, 8 available
 Memory: 8101M
 Large Page Support: Disabled
 NUMA Support: Disabled
 Compressed Oops: Enabled (32-bit)
 Heap Region Size: 1M
 Heap Min Capacity: 8M
 Heap Initial Capacity: 128M
 Heap Max Capacity: 2026M
 Pre-touch: Disabled
 Parallel Workers: 8
 Concurrent Workers: 2
 Concurrent Refinement Workers: 8
 Periodic GC: Disabled

Heap:
 garbage-first heap   total 131072K, used 18432K [0x0000000081600000, 0x0000000100000000)
  region size 1024K, 20 young (20480K), 0 survivors (0K)
 Metaspace       used 4744K, committed 4928K, reserved 1114112K
  class space    used 543K, committed 640K, reserved 1048576K

Heap Regions: E=young(eden), S=young(survivor), O=old, HS=humongous(starts), HC=humongous(continues), CS=collection set, F=free, OA=open archive, CA=closed archive, TAMS=top-at-mark-start (previous, next)
|   0|0x0000000081600000, 0x0000000081600000, 0x0000000081700000|  0%| F|  |TAMS 0x0000000081600000, 0x0000000081600000| Untracked 
|   1|0x0000000081700000, 0x0000000081700000, 0x0000000081800000|  0%| F|  |TAMS 0x0000000081700000, 0x0000000081700000| Untracked 
|   2|0x0000000081800000, 0x0000000081800000, 0x0000000081900000|  0%| F|  |TAMS 0x0000000081800000, 0x0000000081800000| Untracked 
|   3|0x0000000081900000, 0x0000000081900000, 0x0000000081a00000|  0%| F|  |TAMS 0x0000000081900000, 0x0000000081900000| Untracked 
|   4|0x0000000081a00000, 0x0000000081a00000, 0x0000000081b00000|  0%| F|  |TAMS 0x0000000081a00000, 0x0000000081a00000| Untracked 
|   5|0x0000000081b00000, 0x0000000081b00000, 0x0000000081c00000|  0%| F|  |TAMS 0x0000000081b00000, 0x0000000081b00000| Untracked 
|   6|0x0000000081c00000, 0x0000000081c00000, 0x0000000081d00000|  0%| F|  |TAMS 0x0000000081c00000, 0x0000000081c00000| Untracked 
|   7|0x0000000081d00000, 0x0000000081d00000, 0x0000000081e00000|  0%| F|  |TAMS 0x0000000081d00000, 0x0000000081d00000| Untracked 
|   8|0x0000000081e00000, 0x0000000081e00000, 0x0000000081f00000|  0%| F|  |TAMS 0x0000000081e00000, 0x0000000081e00000| Untracked 
|   9|0x0000000081f00000, 0x0000000081f00000, 0x0000000082000000|  0%| F|  |TAMS 0x0000000081f00000, 0x0000000081f00000| Untracked 
|  10|0x0000000082000000, 0x0000000082000000, 0x0000000082100000|  0%| F|  |TAMS 0x0000000082000000, 0x0000000082000000| Untracked 
|  11|0x0000000082100000, 0x0000000082100000, 0x0000000082200000|  0%| F|  |TAMS 0x0000000082100000, 0x0000000082100000| Untracked 
|  12|0x0000000082200000, 0x0000000082200000, 0x0000000082300000|  0%| F|  |TAMS 0x0000000082200000, 0x0000000082200000| Untracked 
|  13|0x0000000082300000, 0x0000000082300000, 0x0000000082400000|  0%| F|  |TAMS 0x0000000082300000, 0x0000000082300000| Untracked 
|  14|0x0000000082400000, 0x0000000082400000, 0x0000000082500000|  0%| F|  |TAMS 0x0000000082400000, 0x0000000082400000| Untracked 
|  15|0x0000000082500000, 0x0000000082500000, 0x0000000082600000|  0%| F|  |TAMS 0x0000000082500000, 0x0000000082500000| Untracked 
|  16|0x0000000082600000, 0x0000000082600000, 0x0000000082700000|  0%| F|  |TAMS 0x0000000082600000, 0x0000000082600000| Untracked 
|  17|0x0000000082700000, 0x0000000082700000, 0x0000000082800000|  0%| F|  |TAMS 0x0000000082700000, 0x0000000082700000| Untracked 
|  18|0x0000000082800000, 0x0000000082800000, 0x0000000082900000|  0%| F|  |TAMS 0x0000000082800000, 0x0000000082800000| Untracked 
|  19|0x0000000082900000, 0x0000000082900000, 0x0000000082a00000|  0%| F|  |TAMS 0x0000000082900000, 0x0000000082900000| Untracked 
|  20|0x0000000082a00000, 0x0000000082a00000, 0x0000000082b00000|  0%| F|  |TAMS 0x0000000082a00000, 0x0000000082a00000| Untracked 
|  21|0x0000000082b00000, 0x0000000082b00000, 0x0000000082c00000|  0%| F|  |TAMS 0x0000000082b00000, 0x0000000082b00000| Untracked 
|  22|0x0000000082c00000, 0x0000000082c00000, 0x0000000082d00000|  0%| F|  |TAMS 0x0000000082c00000, 0x0000000082c00000| Untracked 
|  23|0x0000000082d00000, 0x0000000082d00000, 0x0000000082e00000|  0%| F|  |TAMS 0x0000000082d00000, 0x0000000082d00000| Untracked 
|  24|0x0000000082e00000, 0x0000000082e00000, 0x0000000082f00000|  0%| F|  |TAMS 0x0000000082e00000, 0x0000000082e00000| Untracked 
|  25|0x0000000082f00000, 0x0000000082f00000, 0x0000000083000000|  0%| F|  |TAMS 0x0000000082f00000, 0x0000000082f00000| Untracked 
|  26|0x0000000083000000, 0x0000000083000000, 0x0000000083100000|  0%| F|  |TAMS 0x0000000083000000, 0x0000000083000000| Untracked 
|  27|0x0000000083100000, 0x0000000083100000, 0x0000000083200000|  0%| F|  |TAMS 0x0000000083100000, 0x0000000083100000| Untracked 
|  28|0x0000000083200000, 0x0000000083200000, 0x0000000083300000|  0%| F|  |TAMS 0x0000000083200000, 0x0000000083200000| Untracked 
|  29|0x0000000083300000, 0x0000000083300000, 0x0000000083400000|  0%| F|  |TAMS 0x0000000083300000, 0x0000000083300000| Untracked 
|  30|0x0000000083400000, 0x0000000083400000, 0x0000000083500000|  0%| F|  |TAMS 0x0000000083400000, 0x0000000083400000| Untracked 
|  31|0x0000000083500000, 0x0000000083500000, 0x0000000083600000|  0%| F|  |TAMS 0x0000000083500000, 0x0000000083500000| Untracked 
|  32|0x0000000083600000, 0x0000000083600000, 0x0000000083700000|  0%| F|  |TAMS 0x0000000083600000, 0x0000000083600000| Untracked 
|  33|0x0000000083700000, 0x0000000083700000, 0x0000000083800000|  0%| F|  |TAMS 0x0000000083700000, 0x0000000083700000| Untracked 
|  34|0x0000000083800000, 0x0000000083800000, 0x0000000083900000|  0%| F|  |TAMS 0x0000000083800000, 0x0000000083800000| Untracked 
|  35|0x0000000083900000, 0x0000000083900000, 0x0000000083a00000|  0%| F|  |TAMS 0x0000000083900000, 0x0000000083900000| Untracked 
|  36|0x0000000083a00000, 0x0000000083a00000, 0x0000000083b00000|  0%| F|  |TAMS 0x0000000083a00000, 0x0000000083a00000| Untracked 
|  37|0x0000000083b00000, 0x0000000083b00000, 0x0000000083c00000|  0%| F|  |TAMS 0x0000000083b00000, 0x0000000083b00000| Untracked 
|  38|0x0000000083c00000, 0x0000000083c00000, 0x0000000083d00000|  0%| F|  |TAMS 0x0000000083c00000, 0x0000000083c00000| Untracked 
|  39|0x0000000083d00000, 0x0000000083d00000, 0x0000000083e00000|  0%| F|  |TAMS 0x0000000083d00000, 0x0000000083d00000| Untracked 
|  40|0x0000000083e00000, 0x0000000083e00000, 0x0000000083f00000|  0%| F|  |TAMS 0x0000000083e00000, 0x0000000083e00000| Untracked 
|  41|0x0000000083f00000, 0x0000000083f00000, 0x0000000084000000|  0%| F|  |TAMS 0x0000000083f00000, 0x0000000083f00000| Untracked 
|  42|0x0000000084000000, 0x0000000084000000, 0x0000000084100000|  0%| F|  |TAMS 0x0000000084000000, 0x0000000084000000| Untracked 
|  43|0x0000000084100000, 0x0000000084100000, 0x0000000084200000|  0%| F|  |TAMS 0x0000000084100000, 0x0000000084100000| Untracked 
|  44|0x0000000084200000, 0x0000000084200000, 0x0000000084300000|  0%| F|  |TAMS 0x0000000084200000, 0x0000000084200000| Untracked 
|  45|0x0000000084300000, 0x0000000084300000, 0x0000000084400000|  0%| F|  |TAMS 0x0000000084300000, 0x0000000084300000| Untracked 
|  46|0x0000000084400000, 0x0000000084400000, 0x0000000084500000|  0%| F|  |TAMS 0x0000000084400000, 0x0000000084400000| Untracked 
|  47|0x0000000084500000, 0x0000000084500000, 0x0000000084600000|  0%| F|  |TAMS 0x0000000084500000, 0x0000000084500000| Untracked 
|  48|0x0000000084600000, 0x0000000084600000, 0x0000000084700000|  0%| F|  |TAMS 0x0000000084600000, 0x0000000084600000| Untracked 
|  49|0x0000000084700000, 0x0000000084700000, 0x0000000084800000|  0%| F|  |TAMS 0x0000000084700000, 0x0000000084700000| Untracked 
|  50|0x0000000084800000, 0x0000000084800000, 0x0000000084900000|  0%| F|  |TAMS 0x0000000084800000, 0x0000000084800000| Untracked 
|  51|0x0000000084900000, 0x0000000084900000, 0x0000000084a00000|  0%| F|  |TAMS 0x0000000084900000, 0x0000000084900000| Untracked 
|  52|0x0000000084a00000, 0x0000000084a00000, 0x0000000084b00000|  0%| F|  |TAMS 0x0000000084a00000, 0x0000000084a00000| Untracked 
|  53|0x0000000084b00000, 0x0000000084b00000, 0x0000000084c00000|  0%| F|  |TAMS 0x0000000084b00000, 0x0000000084b00000| Untracked 
|  54|0x0000000084c00000, 0x0000000084c00000, 0x0000000084d00000|  0%| F|  |TAMS 0x0000000084c00000, 0x0000000084c00000| Untracked 
|  55|0x0000000084d00000, 0x0000000084d00000, 0x0000000084e00000|  0%| F|  |TAMS 0x0000000084d00000, 0x0000000084d00000| Untracked 
|  56|0x0000000084e00000, 0x0000000084e00000, 0x0000000084f00000|  0%| F|  |TAMS 0x0000000084e00000, 0x0000000084e00000| Untracked 
|  57|0x0000000084f00000, 0x0000000084f00000, 0x0000000085000000|  0%| F|  |TAMS 0x0000000084f00000, 0x0000000084f00000| Untracked 
|  58|0x0000000085000000, 0x0000000085000000, 0x0000000085100000|  0%| F|  |TAMS 0x0000000085000000, 0x0000000085000000| Untracked 
|  59|0x0000000085100000, 0x0000000085100000, 0x0000000085200000|  0%| F|  |TAMS 0x0000000085100000, 0x0000000085100000| Untracked 
|  60|0x0000000085200000, 0x0000000085200000, 0x0000000085300000|  0%| F|  |TAMS 0x0000000085200000, 0x0000000085200000| Untracked 
|  61|0x0000000085300000, 0x0000000085300000, 0x0000000085400000|  0%| F|  |TAMS 0x0000000085300000, 0x0000000085300000| Untracked 
|  62|0x0000000085400000, 0x0000000085400000, 0x0000000085500000|  0%| F|  |TAMS 0x0000000085400000, 0x0000000085400000| Untracked 
|  63|0x0000000085500000, 0x0000000085500000, 0x0000000085600000|  0%| F|  |TAMS 0x0000000085500000, 0x0000000085500000| Untracked 
|  64|0x0000000085600000, 0x0000000085600000, 0x0000000085700000|  0%| F|  |TAMS 0x0000000085600000, 0x0000000085600000| Untracked 
|  65|0x0000000085700000, 0x0000000085700000, 0x0000000085800000|  0%| F|  |TAMS 0x0000000085700000, 0x0000000085700000| Untracked 
|  66|0x0000000085800000, 0x0000000085800000, 0x0000000085900000|  0%| F|  |TAMS 0x0000000085800000, 0x0000000085800000| Untracked 
|  67|0x0000000085900000, 0x0000000085900000, 0x0000000085a00000|  0%| F|  |TAMS 0x0000000085900000, 0x0000000085900000| Untracked 
|  68|0x0000000085a00000, 0x0000000085a00000, 0x0000000085b00000|  0%| F|  |TAMS 0x0000000085a00000, 0x0000000085a00000| Untracked 
|  69|0x0000000085b00000, 0x0000000085b00000, 0x0000000085c00000|  0%| F|  |TAMS 0x0000000085b00000, 0x0000000085b00000| Untracked 
|  70|0x0000000085c00000, 0x0000000085c00000, 0x0000000085d00000|  0%| F|  |TAMS 0x0000000085c00000, 0x0000000085c00000| Untracked 
|  71|0x0000000085d00000, 0x0000000085d00000, 0x0000000085e00000|  0%| F|  |TAMS 0x0000000085d00000, 0x0000000085d00000| Untracked 
|  72|0x0000000085e00000, 0x0000000085e00000, 0x0000000085f00000|  0%| F|  |TAMS 0x0000000085e00000, 0x0000000085e00000| Untracked 
|  73|0x0000000085f00000, 0x0000000085f00000, 0x0000000086000000|  0%| F|  |TAMS 0x0000000085f00000, 0x0000000085f00000| Untracked 
|  74|0x0000000086000000, 0x0000000086000000, 0x0000000086100000|  0%| F|  |TAMS 0x0000000086000000, 0x0000000086000000| Untracked 
|  75|0x0000000086100000, 0x0000000086100000, 0x0000000086200000|  0%| F|  |TAMS 0x0000000086100000, 0x0000000086100000| Untracked 
|  76|0x0000000086200000, 0x0000000086200000, 0x0000000086300000|  0%| F|  |TAMS 0x0000000086200000, 0x0000000086200000| Untracked 
|  77|0x0000000086300000, 0x0000000086300000, 0x0000000086400000|  0%| F|  |TAMS 0x0000000086300000, 0x0000000086300000| Untracked 
|  78|0x0000000086400000, 0x0000000086400000, 0x0000000086500000|  0%| F|  |TAMS 0x0000000086400000, 0x0000000086400000| Untracked 
|  79|0x0000000086500000, 0x0000000086500000, 0x0000000086600000|  0%| F|  |TAMS 0x0000000086500000, 0x0000000086500000| Untracked 
|  80|0x0000000086600000, 0x0000000086600000, 0x0000000086700000|  0%| F|  |TAMS 0x0000000086600000, 0x0000000086600000| Untracked 
|  81|0x0000000086700000, 0x0000000086700000, 0x0000000086800000|  0%| F|  |TAMS 0x0000000086700000, 0x0000000086700000| Untracked 
|  82|0x0000000086800000, 0x0000000086800000, 0x0000000086900000|  0%| F|  |TAMS 0x0000000086800000, 0x0000000086800000| Untracked 
|  83|0x0000000086900000, 0x0000000086900000, 0x0000000086a00000|  0%| F|  |TAMS 0x0000000086900000, 0x0000000086900000| Untracked 
|  84|0x0000000086a00000, 0x0000000086a00000, 0x0000000086b00000|  0%| F|  |TAMS 0x0000000086a00000, 0x0000000086a00000| Untracked 
|  85|0x0000000086b00000, 0x0000000086b00000, 0x0000000086c00000|  0%| F|  |TAMS 0x0000000086b00000, 0x0000000086b00000| Untracked 
|  86|0x0000000086c00000, 0x0000000086c00000, 0x0000000086d00000|  0%| F|  |TAMS 0x0000000086c00000, 0x0000000086c00000| Untracked 
|  87|0x0000000086d00000, 0x0000000086d00000, 0x0000000086e00000|  0%| F|  |TAMS 0x0000000086d00000, 0x0000000086d00000| Untracked 
|  88|0x0000000086e00000, 0x0000000086e00000, 0x0000000086f00000|  0%| F|  |TAMS 0x0000000086e00000, 0x0000000086e00000| Untracked 
|  89|0x0000000086f00000, 0x0000000086f00000, 0x0000000087000000|  0%| F|  |TAMS 0x0000000086f00000, 0x0000000086f00000| Untracked 
|  90|0x0000000087000000, 0x0000000087000000, 0x0000000087100000|  0%| F|  |TAMS 0x0000000087000000, 0x0000000087000000| Untracked 
|  91|0x0000000087100000, 0x0000000087100000, 0x0000000087200000|  0%| F|  |TAMS 0x0000000087100000, 0x0000000087100000| Untracked 
|  92|0x0000000087200000, 0x0000000087200000, 0x0000000087300000|  0%| F|  |TAMS 0x0000000087200000, 0x0000000087200000| Untracked 
|  93|0x0000000087300000, 0x0000000087300000, 0x0000000087400000|  0%| F|  |TAMS 0x0000000087300000, 0x0000000087300000| Untracked 
|  94|0x0000000087400000, 0x0000000087400000, 0x0000000087500000|  0%| F|  |TAMS 0x0000000087400000, 0x0000000087400000| Untracked 
|  95|0x0000000087500000, 0x0000000087500000, 0x0000000087600000|  0%| F|  |TAMS 0x0000000087500000, 0x0000000087500000| Untracked 
|  96|0x0000000087600000, 0x0000000087600000, 0x0000000087700000|  0%| F|  |TAMS 0x0000000087600000, 0x0000000087600000| Untracked 
|  97|0x0000000087700000, 0x0000000087700000, 0x0000000087800000|  0%| F|  |TAMS 0x0000000087700000, 0x0000000087700000| Untracked 
|  98|0x0000000087800000, 0x0000000087800000, 0x0000000087900000|  0%| F|  |TAMS 0x0000000087800000, 0x0000000087800000| Untracked 
|  99|0x0000000087900000, 0x0000000087900000, 0x0000000087a00000|  0%| F|  |TAMS 0x0000000087900000, 0x0000000087900000| Untracked 
| 100|0x0000000087a00000, 0x0000000087a00000, 0x0000000087b00000|  0%| F|  |TAMS 0x0000000087a00000, 0x0000000087a00000| Untracked 
| 101|0x0000000087b00000, 0x0000000087b00000, 0x0000000087c00000|  0%| F|  |TAMS 0x0000000087b00000, 0x0000000087b00000| Untracked 
| 102|0x0000000087c00000, 0x0000000087c00000, 0x0000000087d00000|  0%| F|  |TAMS 0x0000000087c00000, 0x0000000087c00000| Untracked 
| 103|0x0000000087d00000, 0x0000000087d00000, 0x0000000087e00000|  0%| F|  |TAMS 0x0000000087d00000, 0x0000000087d00000| Untracked 
| 104|0x0000000087e00000, 0x0000000087e00000, 0x0000000087f00000|  0%| F|  |TAMS 0x0000000087e00000, 0x0000000087e00000| Untracked 
| 105|0x0000000087f00000, 0x0000000087f00000, 0x0000000088000000|  0%| F|  |TAMS 0x0000000087f00000, 0x0000000087f00000| Untracked 
| 106|0x0000000088000000, 0x0000000088000000, 0x0000000088100000|  0%| F|  |TAMS 0x0000000088000000, 0x0000000088000000| Untracked 
| 107|0x0000000088100000, 0x0000000088100000, 0x0000000088200000|  0%| F|  |TAMS 0x0000000088100000, 0x0000000088100000| Untracked 
| 108|0x0000000088200000, 0x00000000882ec0c0, 0x0000000088300000| 92%| E|  |TAMS 0x0000000088200000, 0x0000000088200000| Complete 
| 109|0x0000000088300000, 0x0000000088400000, 0x0000000088400000|100%| E|CS|TAMS 0x0000000088300000, 0x0000000088300000| Complete 
| 110|0x0000000088400000, 0x0000000088500000, 0x0000000088500000|100%| E|CS|TAMS 0x0000000088400000, 0x0000000088400000| Complete 
| 111|0x0000000088500000, 0x0000000088600000, 0x0000000088600000|100%| E|CS|TAMS 0x0000000088500000, 0x0000000088500000| Complete 
| 112|0x0000000088600000, 0x0000000088700000, 0x0000000088700000|100%| E|CS|TAMS 0x0000000088600000, 0x0000000088600000| Complete 
| 113|0x0000000088700000, 0x0000000088800000, 0x0000000088800000|100%| E|CS|TAMS 0x0000000088700000, 0x0000000088700000| Complete 
| 114|0x0000000088800000, 0x0000000088900000, 0x0000000088900000|100%| E|CS|TAMS 0x0000000088800000, 0x0000000088800000| Complete 
| 115|0x0000000088900000, 0x0000000088a00000, 0x0000000088a00000|100%| E|CS|TAMS 0x0000000088900000, 0x0000000088900000| Complete 
| 116|0x0000000088a00000, 0x0000000088b00000, 0x0000000088b00000|100%| E|CS|TAMS 0x0000000088a00000, 0x0000000088a00000| Complete 
| 117|0x0000000088b00000, 0x0000000088c00000, 0x0000000088c00000|100%| E|CS|TAMS 0x0000000088b00000, 0x0000000088b00000| Complete 
| 118|0x0000000088c00000, 0x0000000088d00000, 0x0000000088d00000|100%| E|  |TAMS 0x0000000088c00000, 0x0000000088c00000| Complete 
| 119|0x0000000088d00000, 0x0000000088e00000, 0x0000000088e00000|100%| E|CS|TAMS 0x0000000088d00000, 0x0000000088d00000| Complete 
| 120|0x0000000088e00000, 0x0000000088f00000, 0x0000000088f00000|100%| E|CS|TAMS 0x0000000088e00000, 0x0000000088e00000| Complete 
| 121|0x0000000088f00000, 0x0000000089000000, 0x0000000089000000|100%| E|CS|TAMS 0x0000000088f00000, 0x0000000088f00000| Complete 
| 122|0x0000000089000000, 0x0000000089100000, 0x0000000089100000|100%| E|CS|TAMS 0x0000000089000000, 0x0000000089000000| Complete 
| 123|0x0000000089100000, 0x0000000089200000, 0x0000000089200000|100%| E|CS|TAMS 0x0000000089100000, 0x0000000089100000| Complete 
| 124|0x0000000089200000, 0x0000000089300000, 0x0000000089300000|100%| E|CS|TAMS 0x0000000089200000, 0x0000000089200000| Complete 
| 125|0x0000000089300000, 0x0000000089400000, 0x0000000089400000|100%| E|CS|TAMS 0x0000000089300000, 0x0000000089300000| Complete 
| 126|0x0000000089400000, 0x0000000089500000, 0x0000000089500000|100%| E|CS|TAMS 0x0000000089400000, 0x0000000089400000| Complete 
| 127|0x0000000089500000, 0x0000000089600000, 0x0000000089600000|100%| E|CS|TAMS 0x0000000089500000, 0x0000000089500000| Complete 

Card table byte_map: [0x000001d9e3620000,0x000001d9e3a20000] _byte_map_base: 0x000001d9e3215000

Marking Bits (Prev, Next): (CMBitMap*) 0x000001d9cc6119b0, (CMBitMap*) 0x000001d9cc6119f0
 Prev Bits: [0x000001d9e3e20000, 0x000001d9e5dc8000)
 Next Bits: [0x000001d9e5dd0000, 0x000001d9e7d78000)

Polling page: 0x000001d9ca750000

Metaspace:

Usage:
  Non-class:      4.13 MB used.
      Class:    547.38 KB used.
       Both:      4.67 MB used.

Virtual space:
  Non-class space:       64.00 MB reserved,       4.25 MB (  7%) committed,  1 nodes.
      Class space:        1.00 GB reserved,     640.00 KB ( <1%) committed,  1 nodes.
             Both:        1.06 GB reserved,       4.88 MB ( <1%) committed. 

Chunk freelists:
   Non-Class:  1.42 MB
       Class:  3.33 MB
        Both:  4.75 MB

MaxMetaspaceSize: unlimited
CompressedClassSpaceSize: 1.00 GB
Initial GC threshold: 21.00 MB
Current GC threshold: 21.00 MB
CDS: on
MetaspaceReclaimPolicy: balanced
 - commit_granule_bytes: 65536.
 - commit_granule_words: 8192.
 - virtual_space_node_default_size: 8388608.
 - enlarge_chunks_in_place: 1.
 - new_chunks_are_fully_committed: 0.
 - uncommit_free_chunks: 1.
 - use_allocation_guard: 0.


Internal statistics:

num_allocs_failed_limit: 0.
num_arena_births: 34.
num_arena_deaths: 0.
num_vsnodes_births: 2.
num_vsnodes_deaths: 0.
num_space_committed: 78.
num_space_uncommitted: 0.
num_chunks_returned_to_freelist: 0.
num_chunks_taken_from_freelist: 162.
num_chunk_merges: 0.
num_chunk_splits: 119.
num_chunks_enlarged: 102.
num_inconsistent_stats: 0.

CodeHeap 'non-profiled nmethods': size=120000Kb used=313Kb max_used=313Kb free=119686Kb
 bounds [0x000001d9db9c0000, 0x000001d9dbc30000, 0x000001d9e2ef0000]
CodeHeap 'profiled nmethods': size=120000Kb used=1994Kb max_used=1994Kb free=118005Kb
 bounds [0x000001d9d4490000, 0x000001d9d4700000, 0x000001d9db9c0000]
CodeHeap 'non-nmethods': size=5760Kb used=1156Kb max_used=1192Kb free=4603Kb
 bounds [0x000001d9d3ef0000, 0x000001d9d4160000, 0x000001d9d4490000]
 total_blobs=1411 nmethods=976 adapters=348
 compilation: enabled
              stopped_count=0, restarted_count=0
 full_count=0

Compilation events (20 events):
Event: 2.698 Thread 0x000001d9ea797fb0  959       2       jdk.internal.misc.Unsafe::allocateUninitializedArray (55 bytes)
Event: 2.699 Thread 0x000001d9ea797fb0 nmethod 959 0x000001d9d4676390 code [0x000001d9d4676560, 0x000001d9d46768d8]
Event: 2.699 Thread 0x000001d9ea797fb0  957       3       org.codehaus.plexus.util.xml.pull.MXParser::getText (125 bytes)
Event: 2.700 Thread 0x000001d9ea797fb0 nmethod 957 0x000001d9d4676a90 code [0x000001d9d4676c60, 0x000001d9d46771b8]
Event: 2.700 Thread 0x000001d9ea797fb0  960       1       org.codehaus.plexus.util.xml.pull.MXParser::getEventType (5 bytes)
Event: 2.700 Thread 0x000001d9ea797fb0 nmethod 960 0x000001d9dba01910 code [0x000001d9dba01aa0, 0x000001d9dba01b78]
Event: 2.706 Thread 0x000001d9ea797fb0  964       3       org.codehaus.plexus.util.xml.pull.MXParser::isWhitespace (116 bytes)
Event: 2.707 Thread 0x000001d9ea797fb0 nmethod 964 0x000001d9d4677290 code [0x000001d9d46774c0, 0x000001d9d4677d68]
Event: 2.707 Thread 0x000001d9ea797fb0  965       3       java.util.HashMap::isEmpty (13 bytes)
Event: 2.707 Thread 0x000001d9ea797fb0 nmethod 965 0x000001d9d4677f90 code [0x000001d9d4678120, 0x000001d9d4678298]
Event: 2.707 Thread 0x000001d9ea797fb0  966       3       org.codehaus.plexus.util.xml.pull.MXParser::nextTag (82 bytes)
Event: 2.709 Thread 0x000001d9ea797fb0 nmethod 966 0x000001d9d4678310 code [0x000001d9d46785a0, 0x000001d9d4678f88]
Event: 2.709 Thread 0x000001d9ea797fb0  967       3       java.lang.StringLatin1::trim (76 bytes)
Event: 2.710 Thread 0x000001d9ea797fb0 nmethod 967 0x000001d9d4679310 code [0x000001d9d46794e0, 0x000001d9d46798c8]
Event: 2.710 Thread 0x000001d9ea797fb0  968       3       org.codehaus.plexus.util.xml.pull.MXParser::newString (11 bytes)
Event: 2.710 Thread 0x000001d9ea797fb0 nmethod 968 0x000001d9d4679a10 code [0x000001d9d4679bc0, 0x000001d9d4679d68]
Event: 2.713 Thread 0x000001d9ea797fb0  969       3       org.codehaus.plexus.util.xml.pull.MXParser::getName (84 bytes)
Event: 2.714 Thread 0x000001d9ea797fb0 nmethod 969 0x000001d9d4679e90 code [0x000001d9d467a060, 0x000001d9d467a408]
Event: 2.714 Thread 0x000001d9ea797fb0  970       3       org.codehaus.plexus.util.xml.pull.MXParser::ensureElementsCapacity (265 bytes)
Event: 2.716 Thread 0x000001d9ea797fb0 nmethod 970 0x000001d9d467a590 code [0x000001d9d467a800, 0x000001d9d467b8e8]

GC Heap History (0 events):
No events

Deoptimization events (20 events):
Event: 2.542 Thread 0x000001d9cc5b18b0 Uncommon trap: trap_request=0xffffff45 fr.pc=0x000001d9db9e06b4 relative=0x00000000000000b4
Event: 2.542 Thread 0x000001d9cc5b18b0 Uncommon trap: reason=unstable_if action=reinterpret pc=0x000001d9db9e06b4 method=org.codehaus.plexus.util.xml.pull.MXParser.more()C @ 8 c2
Event: 2.542 Thread 0x000001d9cc5b18b0 DEOPT PACKING pc=0x000001d9db9e06b4 sp=0x000000566e1fe3f0
Event: 2.542 Thread 0x000001d9cc5b18b0 DEOPT UNPACKING pc=0x000001d9d3f423a3 sp=0x000000566e1fe380 mode 2
Event: 2.593 Thread 0x000001d9cc5b18b0 Uncommon trap: trap_request=0xffffffde fr.pc=0x000001d9dba009c8 relative=0x0000000000000128
Event: 2.593 Thread 0x000001d9cc5b18b0 Uncommon trap: reason=class_check action=maybe_recompile pc=0x000001d9dba009c8 method=jdk.internal.misc.Unsafe.allocateUninitializedArray(Ljava/lang/Class;I)Ljava/lang/Object; @ 51 c2
Event: 2.593 Thread 0x000001d9cc5b18b0 DEOPT PACKING pc=0x000001d9dba009c8 sp=0x000000566e1fd3b0
Event: 2.593 Thread 0x000001d9cc5b18b0 DEOPT UNPACKING pc=0x000001d9d3f423a3 sp=0x000000566e1fd338 mode 2
Event: 2.593 Thread 0x000001d9cc5b18b0 Uncommon trap: trap_request=0xffffffde fr.pc=0x000001d9dba009c8 relative=0x0000000000000128
Event: 2.593 Thread 0x000001d9cc5b18b0 Uncommon trap: reason=class_check action=maybe_recompile pc=0x000001d9dba009c8 method=jdk.internal.misc.Unsafe.allocateUninitializedArray(Ljava/lang/Class;I)Ljava/lang/Object; @ 51 c2
Event: 2.593 Thread 0x000001d9cc5b18b0 DEOPT PACKING pc=0x000001d9dba009c8 sp=0x000000566e1fd450
Event: 2.593 Thread 0x000001d9cc5b18b0 DEOPT UNPACKING pc=0x000001d9d3f423a3 sp=0x000000566e1fd3d8 mode 2
Event: 2.593 Thread 0x000001d9cc5b18b0 Uncommon trap: trap_request=0xffffffde fr.pc=0x000001d9dba009c8 relative=0x0000000000000128
Event: 2.593 Thread 0x000001d9cc5b18b0 Uncommon trap: reason=class_check action=maybe_recompile pc=0x000001d9dba009c8 method=jdk.internal.misc.Unsafe.allocateUninitializedArray(Ljava/lang/Class;I)Ljava/lang/Object; @ 51 c2
Event: 2.593 Thread 0x000001d9cc5b18b0 DEOPT PACKING pc=0x000001d9dba009c8 sp=0x000000566e1fce10
Event: 2.593 Thread 0x000001d9cc5b18b0 DEOPT UNPACKING pc=0x000001d9d3f423a3 sp=0x000000566e1fcd98 mode 2
Event: 2.593 Thread 0x000001d9cc5b18b0 Uncommon trap: trap_request=0xffffffde fr.pc=0x000001d9dba009c8 relative=0x0000000000000128
Event: 2.593 Thread 0x000001d9cc5b18b0 Uncommon trap: reason=class_check action=maybe_recompile pc=0x000001d9dba009c8 method=jdk.internal.misc.Unsafe.allocateUninitializedArray(Ljava/lang/Class;I)Ljava/lang/Object; @ 51 c2
Event: 2.593 Thread 0x000001d9cc5b18b0 DEOPT PACKING pc=0x000001d9dba009c8 sp=0x000000566e1fd270
Event: 2.593 Thread 0x000001d9cc5b18b0 DEOPT UNPACKING pc=0x000001d9d3f423a3 sp=0x000000566e1fd1f8 mode 2

Classes loaded (20 events):
Event: 2.480 Loading class sun/reflect/generics/repository/ClassRepository
Event: 2.480 Loading class sun/reflect/generics/repository/GenericDeclRepository
Event: 2.480 Loading class sun/reflect/generics/repository/AbstractRepository
Event: 2.480 Loading class sun/reflect/generics/repository/AbstractRepository done
Event: 2.480 Loading class sun/reflect/generics/repository/GenericDeclRepository done
Event: 2.480 Loading class sun/reflect/generics/repository/ClassRepository done
Event: 2.480 Loading class sun/reflect/generics/tree/FormalTypeParameter
Event: 2.481 Loading class sun/reflect/generics/tree/FormalTypeParameter done
Event: 2.481 Loading class sun/reflect/generics/tree/ClassSignature
Event: 2.481 Loading class sun/reflect/generics/tree/Signature
Event: 2.481 Loading class sun/reflect/generics/tree/Signature done
Event: 2.481 Loading class sun/reflect/generics/tree/ClassSignature done
Event: 2.481 Loading class java/lang/reflect/TypeVariable
Event: 2.481 Loading class java/lang/reflect/TypeVariable done
Event: 2.481 Loading class java/lang/reflect/WildcardType
Event: 2.481 Loading class java/lang/reflect/WildcardType done
Event: 2.492 Loading class sun/reflect/generics/tree/TypeVariableSignature
Event: 2.492 Loading class sun/reflect/generics/tree/TypeVariableSignature done
Event: 2.527 Loading class java/lang/annotation/IncompleteAnnotationException
Event: 2.527 Loading class java/lang/annotation/IncompleteAnnotationException done

Classes unloaded (0 events):
No events

Classes redefined (0 events):
No events

Internal exceptions (12 events):
Event: 0.630 Thread 0x000001d9cc5b18b0 Exception <a 'java/lang/NoSuchMethodError'{0x00000000892459d8}: 'java.lang.Object java.lang.invoke.Invokers$Holder.invokeExact_MT(java.lang.Object, java.lang.Object, java.lang.Object, java.lang.Object, java.lang.Object)'> (0x00000000892459d8) 
thrown [s\open\src\hotspot\share\interpreter\linkResolver.cpp, line 766]
Event: 0.665 Thread 0x000001d9cc5b18b0 Exception <a 'java/lang/NullPointerException'{0x000000008929dac8}> (0x000000008929dac8) 
thrown [s\open\src\hotspot\share\interpreter\linkResolver.cpp, line 1357]
Event: 0.722 Thread 0x000001d9cc5b18b0 Exception <a 'java/lang/NullPointerException'{0x00000000892d3338}> (0x00000000892d3338) 
thrown [s\open\src\hotspot\share\interpreter\linkResolver.cpp, line 1357]
Event: 0.722 Thread 0x000001d9cc5b18b0 Exception <a 'java/lang/NullPointerException'{0x00000000892d3610}> (0x00000000892d3610) 
thrown [s\open\src\hotspot\share\interpreter\linkResolver.cpp, line 1357]
Event: 0.722 Thread 0x000001d9cc5b18b0 Exception <a 'java/lang/NullPointerException'{0x00000000892d38e8}> (0x00000000892d38e8) 
thrown [s\open\src\hotspot\share\interpreter\linkResolver.cpp, line 1357]
Event: 0.725 Thread 0x000001d9cc5b18b0 Exception <a 'java/lang/NullPointerException'{0x00000000892d8af8}> (0x00000000892d8af8) 
thrown [s\open\src\hotspot\share\interpreter\linkResolver.cpp, line 1357]
Event: 0.731 Thread 0x000001d9cc5b18b0 Exception <a 'java/lang/NullPointerException'{0x00000000892ed6d0}> (0x00000000892ed6d0) 
thrown [s\open\src\hotspot\share\interpreter\linkResolver.cpp, line 1357]
Event: 0.731 Thread 0x000001d9cc5b18b0 Exception <a 'java/lang/NullPointerException'{0x00000000892ed9a8}> (0x00000000892ed9a8) 
thrown [s\open\src\hotspot\share\interpreter\linkResolver.cpp, line 1357]
Event: 0.731 Thread 0x000001d9cc5b18b0 Exception <a 'java/lang/NullPointerException'{0x00000000892edc80}> (0x00000000892edc80) 
thrown [s\open\src\hotspot\share\interpreter\linkResolver.cpp, line 1357]
Event: 0.731 Thread 0x000001d9cc5b18b0 Exception <a 'java/lang/NullPointerException'{0x00000000892edf58}> (0x00000000892edf58) 
thrown [s\open\src\hotspot\share\interpreter\linkResolver.cpp, line 1357]
Event: 2.273 Thread 0x000001d9cc5b18b0 Exception <a 'java/lang/NoSuchMethodError'{0x00000000888afcf0}: 'java.lang.Object java.lang.invoke.DirectMethodHandle$Holder.newInvokeSpecial(java.lang.Object, java.lang.Object, java.lang.Object, java.lang.Object, java.lang.Object)'> (0x00000000888afcf0) 
thrown [s\open\src\hotspot\share\interpreter\linkResolver.cpp, line 766]
Event: 2.528 Thread 0x000001d9cc5b18b0 Exception <a 'java/lang/NoClassDefFoundError'{0x0000000088609ba0}: javax/enterprise/inject/Typed> (0x0000000088609ba0) 
thrown [s\open\src\hotspot\share\classfile\systemDictionary.cpp, line 244]

VM Operations (10 events):
Event: 0.269 Executing VM operation: HandshakeAllThreads
Event: 0.269 Executing VM operation: HandshakeAllThreads done
Event: 0.661 Executing VM operation: HandshakeAllThreads
Event: 0.661 Executing VM operation: HandshakeAllThreads done
Event: 0.690 Executing VM operation: HandshakeAllThreads
Event: 0.690 Executing VM operation: HandshakeAllThreads done
Event: 1.070 Executing VM operation: HandshakeAllThreads
Event: 1.070 Executing VM operation: HandshakeAllThreads done
Event: 2.084 Executing VM operation: Cleanup
Event: 2.100 Executing VM operation: Cleanup done

Events (20 events):
Event: 0.103 Thread 0x000001d9cc5b18b0 Thread added: 0x000001d9cc5b18b0
Event: 0.111 Thread 0x000001d9ea74dc20 Thread added: 0x000001d9ea74dc20
Event: 0.111 Thread 0x000001d9ea74e880 Thread added: 0x000001d9ea74e880
Event: 0.142 Thread 0x000001d9ea7662b0 Thread added: 0x000001d9ea7662b0
Event: 0.142 Thread 0x000001d9ea766c50 Thread added: 0x000001d9ea766c50
Event: 0.142 Thread 0x000001d9ea7675f0 Thread added: 0x000001d9ea7675f0
Event: 0.143 Thread 0x000001d9ea76a0e0 Thread added: 0x000001d9ea76a0e0
Event: 0.143 Thread 0x000001d9ea7766a0 Thread added: 0x000001d9ea7766a0
Event: 0.143 Thread 0x000001d9ea797fb0 Thread added: 0x000001d9ea797fb0
Event: 0.144 Thread 0x000001d9ea7a3690 Thread added: 0x000001d9ea7a3690
Event: 0.199 Thread 0x000001d9eecb70b0 Thread added: 0x000001d9eecb70b0
Event: 0.212 Thread 0x000001d9eecbe2e0 Thread added: 0x000001d9eecbe2e0
Event: 0.225 Loaded shared library C:\Program Files\Java\jdk-18.0.1.1\bin\net.dll
Event: 0.236 Loaded shared library C:\Program Files\Java\jdk-18.0.1.1\bin\nio.dll
Event: 0.266 Loaded shared library C:\Program Files\Java\jdk-18.0.1.1\bin\zip.dll
Event: 0.679 Loaded shared library C:\Program Files\Java\jdk-18.0.1.1\bin\jimage.dll
Event: 0.710 Loaded shared library C:\Program Files\NetBeans-13\netbeans\java\maven\lib\jansi-native\Windows\x86_64\jansi.dll
Event: 0.747 Loaded shared library C:\Program Files\Java\jdk-18.0.1.1\bin\verify.dll
Event: 2.610 Thread 0x000001d9ef611860 Thread added: 0x000001d9ef611860
Event: 2.610 Thread 0x000001d9ef58e890 Thread added: 0x000001d9ef58e890


Dynamic libraries:
0x00007ff747630000 - 0x00007ff747640000 	C:\Program Files\Java\jdk-18.0.1.1\bin\java.exe
0x00007ffa76f70000 - 0x00007ffa77168000 	C:\WINDOWS\SYSTEM32\ntdll.dll
0x00007ffa76e60000 - 0x00007ffa76f1d000 	C:\WINDOWS\System32\KERNEL32.DLL
0x00007ffa74a90000 - 0x00007ffa74d62000 	C:\WINDOWS\System32\KERNELBASE.dll
0x00007ffa748b0000 - 0x00007ffa749b0000 	C:\WINDOWS\System32\ucrtbase.dll
0x00007ffa708b0000 - 0x00007ffa708c8000 	C:\Program Files\Java\jdk-18.0.1.1\bin\jli.dll
0x00007ffa75bd0000 - 0x00007ffa75c7e000 	C:\WINDOWS\System32\ADVAPI32.dll
0x00007ffa76530000 - 0x00007ffa765ce000 	C:\WINDOWS\System32\msvcrt.dll
0x00007ffa765d0000 - 0x00007ffa7666c000 	C:\WINDOWS\System32\sechost.dll
0x00007ffa760f0000 - 0x00007ffa76215000 	C:\WINDOWS\System32\RPCRT4.dll
0x00007ffa76390000 - 0x00007ffa7652d000 	C:\WINDOWS\System32\USER32.dll
0x00007ffa749b0000 - 0x00007ffa749d2000 	C:\WINDOWS\System32\win32u.dll
0x00007ffa76730000 - 0x00007ffa7675b000 	C:\WINDOWS\System32\GDI32.dll
0x00007ffa74d70000 - 0x00007ffa74e7f000 	C:\WINDOWS\System32\gdi32full.dll
0x00007ffa74680000 - 0x00007ffa7471d000 	C:\WINDOWS\System32\msvcp_win.dll
0x00007ffa6df20000 - 0x00007ffa6df3a000 	C:\Program Files\Java\jdk-18.0.1.1\bin\VCRUNTIME140.dll
0x00007ffa67290000 - 0x00007ffa6752a000 	C:\WINDOWS\WinSxS\amd64_microsoft.windows.common-controls_6595b64144ccf1df_6.0.19041.1110_none_60b5254171f9507e\COMCTL32.dll
0x00007ffa6e590000 - 0x00007ffa6e59a000 	C:\WINDOWS\SYSTEM32\VERSION.dll
0x00007ffa76300000 - 0x00007ffa76330000 	C:\WINDOWS\System32\IMM32.DLL
0x00007ffa70310000 - 0x00007ffa7031c000 	C:\Program Files\Java\jdk-18.0.1.1\bin\vcruntime140_1.dll
0x00007ffa70930000 - 0x00007ffa709bd000 	C:\Program Files\Java\jdk-18.0.1.1\bin\msvcp140.dll
0x00007ffa05f70000 - 0x00007ffa06b80000 	C:\Program Files\Java\jdk-18.0.1.1\bin\server\jvm.dll
0x00007ffa76f20000 - 0x00007ffa76f28000 	C:\WINDOWS\System32\PSAPI.DLL
0x00007ffa70870000 - 0x00007ffa70879000 	C:\WINDOWS\SYSTEM32\WSOCK32.dll
0x00007ffa767c0000 - 0x00007ffa7682b000 	C:\WINDOWS\System32\WS2_32.dll
0x00007ffa717a0000 - 0x00007ffa717c7000 	C:\WINDOWS\SYSTEM32\WINMM.dll
0x00007ffa72540000 - 0x00007ffa72552000 	C:\WINDOWS\SYSTEM32\kernel.appcore.dll
0x00007ffa6ff30000 - 0x00007ffa6ff3a000 	C:\Program Files\Java\jdk-18.0.1.1\bin\jimage.dll
0x00007ffa6c820000 - 0x00007ffa6ca04000 	C:\WINDOWS\SYSTEM32\DBGHELP.DLL
0x00007ffa6c770000 - 0x00007ffa6c79c000 	C:\WINDOWS\SYSTEM32\dbgcore.DLL
0x00007ffa74f40000 - 0x00007ffa74fc2000 	C:\WINDOWS\System32\bcryptPrimitives.dll
0x00007ffa6c7c0000 - 0x00007ffa6c7e5000 	C:\Program Files\Java\jdk-18.0.1.1\bin\java.dll
0x00007ffa57e10000 - 0x00007ffa57ee6000 	C:\Program Files\Java\jdk-18.0.1.1\bin\jsvml.dll
0x00007ffa75180000 - 0x00007ffa758c3000 	C:\WINDOWS\System32\SHELL32.dll
0x00007ffa72740000 - 0x00007ffa72ed1000 	C:\WINDOWS\SYSTEM32\windows.storage.dll
0x00007ffa76b00000 - 0x00007ffa76e54000 	C:\WINDOWS\System32\combase.dll
0x00007ffa740e0000 - 0x00007ffa74110000 	C:\WINDOWS\SYSTEM32\Wldp.dll
0x00007ffa76670000 - 0x00007ffa7671d000 	C:\WINDOWS\System32\SHCORE.dll
0x00007ffa76760000 - 0x00007ffa767b5000 	C:\WINDOWS\System32\shlwapi.dll
0x00007ffa745c0000 - 0x00007ffa745df000 	C:\WINDOWS\SYSTEM32\profapi.dll
0x00007ffa6c330000 - 0x00007ffa6c343000 	C:\Program Files\Java\jdk-18.0.1.1\bin\net.dll
0x00007ffa6c460000 - 0x00007ffa6c56d000 	C:\WINDOWS\SYSTEM32\WINHTTP.dll
0x00007ffa73e40000 - 0x00007ffa73eaa000 	C:\WINDOWS\system32\mswsock.dll
0x00007ffa6afb0000 - 0x00007ffa6afc6000 	C:\Program Files\Java\jdk-18.0.1.1\bin\nio.dll
0x00007ffa6a2b0000 - 0x00007ffa6a2c8000 	C:\Program Files\Java\jdk-18.0.1.1\bin\zip.dll
0x0000000069ac0000 - 0x0000000069ae4000 	C:\Program Files\NetBeans-13\netbeans\java\maven\lib\jansi-native\Windows\x86_64\jansi.dll
0x00007ffa6ebe0000 - 0x00007ffa6ebf0000 	C:\Program Files\Java\jdk-18.0.1.1\bin\verify.dll

dbghelp: loaded successfully - version: 4.0.5 - missing functions: none
symbol engine: initialized successfully - sym options: 0x614 - pdb path: .;C:\Program Files\Java\jdk-18.0.1.1\bin;C:\WINDOWS\SYSTEM32;C:\WINDOWS\WinSxS\amd64_microsoft.windows.common-controls_6595b64144ccf1df_6.0.19041.1110_none_60b5254171f9507e;C:\Program Files\Java\jdk-18.0.1.1\bin\server;C:\Program Files\NetBeans-13\netbeans\java\maven\lib\jansi-native\Windows\x86_64

VM Arguments:
jvm_args: -Dclassworlds.conf=C:\Program Files\NetBeans-13\netbeans\java\maven\bin\m2.conf -Dmaven.home=C:\Program Files\NetBeans-13\netbeans\java\maven -Dlibrary.jansi.path=C:\Program Files\NetBeans-13\netbeans\java\maven\lib\jansi-native -Dmaven.multiModuleProjectDirectory=C:\Users\maria\OneDrive\Documentos\NetBeansProjects\Cine 
java_command: org.codehaus.plexus.classworlds.launcher.Launcher -Dmaven.ext.class.path=C:\Program Files\NetBeans-13\netbeans\java\maven-nblib\netbeans-eventspy.jar install
java_class_path (initial): C:\Program Files\NetBeans-13\netbeans\java\maven\boot\plexus-classworlds-2.6.0.jar
Launcher Type: SUN_STANDARD

[Global flags]
     intx CICompilerCount                          = 4                                         {product} {ergonomic}
     uint ConcGCThreads                            = 2                                         {product} {ergonomic}
     uint G1ConcRefinementThreads                  = 8                                         {product} {ergonomic}
   size_t G1HeapRegionSize                         = 1048576                                   {product} {ergonomic}
    uintx GCDrainStackTargetSize                   = 64                                        {product} {ergonomic}
   size_t InitialHeapSize                          = 134217728                                 {product} {ergonomic}
   size_t MarkStackSize                            = 4194304                                   {product} {ergonomic}
   size_t MaxHeapSize                              = 2124414976                                {product} {ergonomic}
   size_t MaxNewSize                               = 1274019840                                {product} {ergonomic}
   size_t MinHeapDeltaBytes                        = 1048576                                   {product} {ergonomic}
   size_t MinHeapSize                              = 8388608                                   {product} {ergonomic}
    uintx NonNMethodCodeHeapSize                   = 5839372                                {pd product} {ergonomic}
    uintx NonProfiledCodeHeapSize                  = 122909434                              {pd product} {ergonomic}
    uintx ProfiledCodeHeapSize                     = 122909434                              {pd product} {ergonomic}
    uintx ReservedCodeCacheSize                    = 251658240                              {pd product} {ergonomic}
     bool SegmentedCodeCache                       = true                                      {product} {ergonomic}
   size_t SoftMaxHeapSize                          = 2124414976                             {manageable} {ergonomic}
     bool UseCompressedClassPointers               = true                           {product lp64_product} {ergonomic}
     bool UseCompressedOops                        = true                           {product lp64_product} {ergonomic}
     bool UseG1GC                                  = true                                      {product} {ergonomic}
     bool UseLargePagesIndividualAllocation        = false                                  {pd product} {ergonomic}

Logging:
Log output configuration:
 #0: stdout all=warning uptime,level,tags foldmultilines=false
 #1: stderr all=off uptime,level,tags foldmultilines=false

Environment Variables:
JAVA_HOME=C:\Program Files\Java\jdk-18.0.1.1
PATH=C:\Program Files\Common Files\Oracle\Java\javapath;C:\WINDOWS\system32;C:\WINDOWS;C:\WINDOWS\System32\Wbem;C:\WINDOWS\System32\WindowsPowerShell\v1.0\;C:\WINDOWS\System32\OpenSSH\;C:\Program Files\Java\jdk-18.0.1.1\bin;C:\Program Files\Git\cmd;C:\Program Files\MySQL\MySQL Shell 8.0\bin\;C:\Users\maria\AppData\Local\Microsoft\WindowsApps;C:\ProgramData\maria\GitHubDesktop\bin;C:\Users\maria\AppData\Local\GitHubDesktop\bin
USERNAME=maria
OS=Windows_NT
PROCESSOR_IDENTIFIER=Intel64 Family 6 Model 142 Stepping 10, GenuineIntel



---------------  S Y S T E M  ---------------

OS:
 Windows 10 , 64 bit Build 19041 (10.0.19041.1889)
OS uptime: 15 days 18:10 hours

CPU: total 8 (initial active 8) (4 cores per cpu, 2 threads per core) family 6 model 142 stepping 10 microcode 0xb4, cx8, cmov, fxsr, ht, mmx, 3dnowpref, sse, sse2, sse3, ssse3, sse4.1, sse4.2, popcnt, lzcnt, tsc, tscinvbit, avx, avx2, aes, erms, clmul, bmi1, bmi2, adx, fma, vzeroupper, clflush, clflushopt

Memory: 4k page, system-wide physical 8101M (1615M free)
TotalPageFile size 32677M (AvailPageFile size 5M)
current process WorkingSet (physical memory assigned to process): 74M, peak: 74M
current process commit charge ("private bytes"): 231M, peak: 232M

vm_info: Java HotSpot(TM) 64-Bit Server VM (18.0.1.1+2-6) for windows-amd64 JRE (18.0.1.1+2-6), built on Apr 25 2022 21:53:15 by "mach5one" with MS VC++ 16.8 / 16.9 (VS2019)

END.
