#
# There is insufficient memory for the Java Runtime Environment to continue.
# Native memory allocation (malloc) failed to allocate 896912 bytes for Chunk::new
# Possible reasons:
#   The system is out of physical RAM or swap space
#   The process is running with CompressedOops enabled, and the Java Heap may be blocking the growth of the native heap
# Possible solutions:
#   Reduce memory load on the system
#   Increase physical memory or swap space
#   Check if swap backing store is full
#   Decrease Java heap size (-Xmx/-Xms)
#   Decrease number of Java threads
#   Decrease Java thread stack sizes (-Xss)
#   Set larger code cache with -XX:ReservedCodeCacheSize=
#   JVM is running with Unscaled Compressed Oops mode in which the Java heap is
#     placed in the first 4GB address space. The Java Heap base address is the
#     maximum limit for the native heap growth. Please use -XX:HeapBaseMinAddress
#     to set the Java Heap base and to place the Java Heap above 4GB virtual address.
# This output file may be truncated or incomplete.
#
#  Out of Memory Error (arena.cpp:184), pid=7252, tid=13784
#
# JRE version: Java(TM) SE Runtime Environment (18.0.1.1+2) (build 18.0.1.1+2-6)
# Java VM: Java HotSpot(TM) 64-Bit Server VM (18.0.1.1+2-6, mixed mode, sharing, tiered, compressed oops, compressed class ptrs, g1 gc, windows-amd64)
# No core dump will be written. Minidumps are not enabled by default on client versions of Windows
#

---------------  S U M M A R Y ------------

Command Line: -Dclassworlds.conf=C:\Program Files\NetBeans-13\netbeans\java\maven\bin\m2.conf -Dmaven.home=C:\Program Files\NetBeans-13\netbeans\java\maven -Dlibrary.jansi.path=C:\Program Files\NetBeans-13\netbeans\java\maven\lib\jansi-native -Dmaven.multiModuleProjectDirectory=C:\Users\maria\OneDrive\Documentos\NetBeansProjects\Cine org.codehaus.plexus.classworlds.launcher.Launcher -Dmaven.ext.class.path=C:\Program Files\NetBeans-13\netbeans\java\maven-nblib\netbeans-eventspy.jar clean install

Host: Intel(R) Core(TM) i5-8250U CPU @ 1.60GHz, 8 cores, 7G,  Windows 10 , 64 bit Build 19041 (10.0.19041.1889)
Time: Thu Oct 27 18:22:16 2022 Hora estándar, América Central elapsed time: 11.547189 seconds (0d 0h 0m 11s)

---------------  T H R E A D  ---------------

Current thread (0x000001d723fe6d50):  JavaThread "C2 CompilerThread2" daemon [_thread_in_native, id=13784, stack(0x0000005e8b800000,0x0000005e8b900000)]


Current CompileTask:
C2:  11547 3206   !   4       org.codehaus.plexus.interpolation.StringSearchInterpolator::interpolate (668 bytes)

Stack: [0x0000005e8b800000,0x0000005e8b900000]
Native frames: (J=compiled Java code, j=interpreted, Vv=VM code, C=native code)
V  [jvm.dll+0x69887a]
V  [jvm.dll+0x7f38bd]
V  [jvm.dll+0x7f51ce]
V  [jvm.dll+0x7f5883]
V  [jvm.dll+0x25ca3f]
V  [jvm.dll+0xb8c2f]
V  [jvm.dll+0xb8fa5]
V  [jvm.dll+0x385a6b]
V  [jvm.dll+0x1d2642]
V  [jvm.dll+0x22fd79]
V  [jvm.dll+0x22eff1]
V  [jvm.dll+0x1b9cfc]
V  [jvm.dll+0x23e8ca]
V  [jvm.dll+0x23cbb5]
V  [jvm.dll+0x7a5fb1]
V  [jvm.dll+0x7a03ea]
V  [jvm.dll+0x697725]
C  [ucrtbase.dll+0x21bb2]
C  [KERNEL32.DLL+0x17034]
C  [ntdll.dll+0x526a1]


---------------  P R O C E S S  ---------------

Threads class SMR info:
_java_thread_list=0x000001d723c51c40, length=14, elements={
0x000001d77ef70c80, 0x000001d71f19bed0, 0x000001d71f19cc70, 0x000001d71f1beaa0,
0x000001d71f1bf440, 0x000001d71f1bfde0, 0x000001d71f1c1790, 0x000001d71f1c5960,
0x000001d71f1c6340, 0x000001d71f1d3550, 0x000001d7234b4390, 0x000001d7234bcee0,
0x000001d723fe6330, 0x000001d723fe6d50
}

Java Threads: ( => current thread )
  0x000001d77ef70c80 JavaThread "main" [_thread_in_Java, id=6196, stack(0x0000005e89d00000,0x0000005e89e00000)]
  0x000001d71f19bed0 JavaThread "Reference Handler" daemon [_thread_blocked, id=4776, stack(0x0000005e8a400000,0x0000005e8a500000)]
  0x000001d71f19cc70 JavaThread "Finalizer" daemon [_thread_blocked, id=6752, stack(0x0000005e8a500000,0x0000005e8a600000)]
  0x000001d71f1beaa0 JavaThread "Signal Dispatcher" daemon [_thread_blocked, id=8676, stack(0x0000005e8a600000,0x0000005e8a700000)]
  0x000001d71f1bf440 JavaThread "Attach Listener" daemon [_thread_blocked, id=10720, stack(0x0000005e8a700000,0x0000005e8a800000)]
  0x000001d71f1bfde0 JavaThread "Service Thread" daemon [_thread_blocked, id=12300, stack(0x0000005e8a800000,0x0000005e8a900000)]
  0x000001d71f1c1790 JavaThread "Monitor Deflation Thread" daemon [_thread_blocked, id=14312, stack(0x0000005e8a900000,0x0000005e8aa00000)]
  0x000001d71f1c5960 JavaThread "C2 CompilerThread0" daemon [_thread_blocked, id=9100, stack(0x0000005e8aa00000,0x0000005e8ab00000)]
  0x000001d71f1c6340 JavaThread "C1 CompilerThread0" daemon [_thread_in_native, id=12520, stack(0x0000005e8ab00000,0x0000005e8ac00000)]
  0x000001d71f1d3550 JavaThread "Sweeper thread" daemon [_thread_blocked, id=13648, stack(0x0000005e8ac00000,0x0000005e8ad00000)]
  0x000001d7234b4390 JavaThread "Notification Thread" daemon [_thread_blocked, id=7972, stack(0x0000005e8ad00000,0x0000005e8ae00000)]
  0x000001d7234bcee0 JavaThread "Common-Cleaner" daemon [_thread_blocked, id=1172, stack(0x0000005e8af00000,0x0000005e8b000000)]
  0x000001d723fe6330 JavaThread "C2 CompilerThread1" daemon [_thread_blocked, id=2868, stack(0x0000005e8b100000,0x0000005e8b200000)]
=>0x000001d723fe6d50 JavaThread "C2 CompilerThread2" daemon [_thread_in_native, id=13784, stack(0x0000005e8b800000,0x0000005e8b900000)]

Other Threads:
  0x000001d71f198ed0 VMThread "VM Thread" [stack: 0x0000005e8a300000,0x0000005e8a400000] [id=9980]
  0x000001d7234521c0 WatcherThread "VM Periodic Task Thread" [stack: 0x0000005e8ae00000,0x0000005e8af00000] [id=10984]
  0x000001d77efd0780 WorkerThread "GC Thread#0" [stack: 0x0000005e89e00000,0x0000005e89f00000] [id=11228]
  0x000001d7235367b0 WorkerThread "GC Thread#1" [stack: 0x0000005e8b200000,0x0000005e8b300000] [id=6600]
  0x000001d7239b6840 WorkerThread "GC Thread#2" [stack: 0x0000005e8b300000,0x0000005e8b400000] [id=8040]
  0x000001d723df0210 WorkerThread "GC Thread#3" [stack: 0x0000005e8b400000,0x0000005e8b500000] [id=9936]
  0x000001d723def790 WorkerThread "GC Thread#4" [stack: 0x0000005e8b500000,0x0000005e8b600000] [id=6956]
  0x000001d723df0750 WorkerThread "GC Thread#5" [stack: 0x0000005e8b600000,0x0000005e8b700000] [id=12972]
  0x000001d723df09f0 WorkerThread "GC Thread#6" [stack: 0x0000005e8b700000,0x0000005e8b800000] [id=7424]
  0x000001d723def4f0 WorkerThread "GC Thread#7" [stack: 0x0000005e8b000000,0x0000005e8b100000] [id=8564]
  0x000001d77efe2400 ConcurrentGCThread "G1 Main Marker" [stack: 0x0000005e89f00000,0x0000005e8a000000] [id=4064]
  0x000001d77efe3590 WorkerThread "G1 Conc#0" [stack: 0x0000005e8a000000,0x0000005e8a100000] [id=7872]
  0x000001d77f033850 ConcurrentGCThread "G1 Refine#0" [stack: 0x0000005e8a100000,0x0000005e8a200000] [id=12920]
  0x000001d77f034160 ConcurrentGCThread "G1 Service" [stack: 0x0000005e8a200000,0x0000005e8a300000] [id=3956]

Threads with active compile tasks:
C1 CompilerThread0    11659 3415       3       org.apache.maven.repository.internal.DefaultVersionResolver$Key::<init> (336 bytes)
C2 CompilerThread2    11659 3206   !   4       org.codehaus.plexus.interpolation.StringSearchInterpolator::interpolate (668 bytes)

VM state: not at safepoint (normal execution)

VM Mutex/Monitor currently owned by a thread:  ([mutex/lock_event])
[0x000001d77ef6d610] MethodCompileQueue_lock - owner thread: 0x000001d71f1c6340
[0x000001d77ef6ddf0] CodeCache_lock - owner thread: 0x000001d71f1c6340

Heap address: 0x0000000081600000, size: 2026 MB, Compressed Oops mode: 32-bit

CDS archive(s) mapped at: [0x0000000800000000-0x0000000800ba0000-0x0000000800ba0000), size 12189696, SharedBaseAddress: 0x0000000800000000, ArchiveRelocationMode: 0.
Compressed class space mapped at: 0x0000000800c00000-0x0000000840c00000, reserved size: 1073741824
Narrow klass base: 0x0000000800000000, Narrow klass shift: 0, Narrow klass range: 0x100000000

GC Precious Log:
 CardTable entry size: 512
 Card Set container configuration: InlinePtr #cards 5 size 8 Array Of Cards #cards 12 size 40 Howl #buckets 4 coarsen threshold 1843 Howl Bitmap #cards 512 size 80 coarsen threshold 460 Card regions per heap region 1 cards per card region 2048
 CPUs: 8 total, 8 available
 Memory: 8101M
 Large Page Support: Disabled
 NUMA Support: Disabled
 Compressed Oops: Enabled (32-bit)
 Heap Region Size: 1M
 Heap Min Capacity: 8M
 Heap Initial Capacity: 128M
 Heap Max Capacity: 2026M
 Pre-touch: Disabled
 Parallel Workers: 8
 Concurrent Workers: 2
 Concurrent Refinement Workers: 8
 Periodic GC: Disabled

Heap:
 garbage-first heap   total 131072K, used 65185K [0x0000000081600000, 0x0000000100000000)
  region size 1024K, 62 young (63488K), 3 survivors (3072K)
 Metaspace       used 13148K, committed 13440K, reserved 1114112K
  class space    used 1460K, committed 1600K, reserved 1048576K

Heap Regions: E=young(eden), S=young(survivor), O=old, HS=humongous(starts), HC=humongous(continues), CS=collection set, F=free, OA=open archive, CA=closed archive, TAMS=top-at-mark-start (previous, next)
|   0|0x0000000081600000, 0x0000000081700000, 0x0000000081700000|100%| O|  |TAMS 0x0000000081600000, 0x0000000081600000| Untracked 
|   1|0x0000000081700000, 0x0000000081800000, 0x0000000081800000|100%| O|  |TAMS 0x0000000081700000, 0x0000000081700000| Untracked 
|   2|0x0000000081800000, 0x0000000081900000, 0x0000000081900000|100%| O|  |TAMS 0x0000000081800000, 0x0000000081800000| Untracked 
|   3|0x0000000081900000, 0x000000008197ec00, 0x0000000081a00000| 49%| O|  |TAMS 0x0000000081900000, 0x0000000081900000| Untracked 
|   4|0x0000000081a00000, 0x0000000081a00000, 0x0000000081b00000|  0%| F|  |TAMS 0x0000000081a00000, 0x0000000081a00000| Untracked 
|   5|0x0000000081b00000, 0x0000000081b00000, 0x0000000081c00000|  0%| F|  |TAMS 0x0000000081b00000, 0x0000000081b00000| Untracked 
|   6|0x0000000081c00000, 0x0000000081c00000, 0x0000000081d00000|  0%| F|  |TAMS 0x0000000081c00000, 0x0000000081c00000| Untracked 
|   7|0x0000000081d00000, 0x0000000081d00000, 0x0000000081e00000|  0%| F|  |TAMS 0x0000000081d00000, 0x0000000081d00000| Untracked 
|   8|0x0000000081e00000, 0x0000000081e00000, 0x0000000081f00000|  0%| F|  |TAMS 0x0000000081e00000, 0x0000000081e00000| Untracked 
|   9|0x0000000081f00000, 0x0000000081f00000, 0x0000000082000000|  0%| F|  |TAMS 0x0000000081f00000, 0x0000000081f00000| Untracked 
|  10|0x0000000082000000, 0x0000000082000000, 0x0000000082100000|  0%| F|  |TAMS 0x0000000082000000, 0x0000000082000000| Untracked 
|  11|0x0000000082100000, 0x0000000082100000, 0x0000000082200000|  0%| F|  |TAMS 0x0000000082100000, 0x0000000082100000| Untracked 
|  12|0x0000000082200000, 0x0000000082200000, 0x0000000082300000|  0%| F|  |TAMS 0x0000000082200000, 0x0000000082200000| Untracked 
|  13|0x0000000082300000, 0x0000000082300000, 0x0000000082400000|  0%| F|  |TAMS 0x0000000082300000, 0x0000000082300000| Untracked 
|  14|0x0000000082400000, 0x0000000082400000, 0x0000000082500000|  0%| F|  |TAMS 0x0000000082400000, 0x0000000082400000| Untracked 
|  15|0x0000000082500000, 0x0000000082500000, 0x0000000082600000|  0%| F|  |TAMS 0x0000000082500000, 0x0000000082500000| Untracked 
|  16|0x0000000082600000, 0x0000000082600000, 0x0000000082700000|  0%| F|  |TAMS 0x0000000082600000, 0x0000000082600000| Untracked 
|  17|0x0000000082700000, 0x0000000082700000, 0x0000000082800000|  0%| F|  |TAMS 0x0000000082700000, 0x0000000082700000| Untracked 
|  18|0x0000000082800000, 0x0000000082800000, 0x0000000082900000|  0%| F|  |TAMS 0x0000000082800000, 0x0000000082800000| Untracked 
|  19|0x0000000082900000, 0x0000000082900000, 0x0000000082a00000|  0%| F|  |TAMS 0x0000000082900000, 0x0000000082900000| Untracked 
|  20|0x0000000082a00000, 0x0000000082a00000, 0x0000000082b00000|  0%| F|  |TAMS 0x0000000082a00000, 0x0000000082a00000| Untracked 
|  21|0x0000000082b00000, 0x0000000082b00000, 0x0000000082c00000|  0%| F|  |TAMS 0x0000000082b00000, 0x0000000082b00000| Untracked 
|  22|0x0000000082c00000, 0x0000000082c00000, 0x0000000082d00000|  0%| F|  |TAMS 0x0000000082c00000, 0x0000000082c00000| Untracked 
|  23|0x0000000082d00000, 0x0000000082d00000, 0x0000000082e00000|  0%| F|  |TAMS 0x0000000082d00000, 0x0000000082d00000| Untracked 
|  24|0x0000000082e00000, 0x0000000082e00000, 0x0000000082f00000|  0%| F|  |TAMS 0x0000000082e00000, 0x0000000082e00000| Untracked 
|  25|0x0000000082f00000, 0x0000000082f00000, 0x0000000083000000|  0%| F|  |TAMS 0x0000000082f00000, 0x0000000082f00000| Untracked 
|  26|0x0000000083000000, 0x0000000083000000, 0x0000000083100000|  0%| F|  |TAMS 0x0000000083000000, 0x0000000083000000| Untracked 
|  27|0x0000000083100000, 0x0000000083100000, 0x0000000083200000|  0%| F|  |TAMS 0x0000000083100000, 0x0000000083100000| Untracked 
|  28|0x0000000083200000, 0x0000000083200000, 0x0000000083300000|  0%| F|  |TAMS 0x0000000083200000, 0x0000000083200000| Untracked 
|  29|0x0000000083300000, 0x0000000083300000, 0x0000000083400000|  0%| F|  |TAMS 0x0000000083300000, 0x0000000083300000| Untracked 
|  30|0x0000000083400000, 0x0000000083400000, 0x0000000083500000|  0%| F|  |TAMS 0x0000000083400000, 0x0000000083400000| Untracked 
|  31|0x0000000083500000, 0x0000000083500000, 0x0000000083600000|  0%| F|  |TAMS 0x0000000083500000, 0x0000000083500000| Untracked 
|  32|0x0000000083600000, 0x0000000083600000, 0x0000000083700000|  0%| F|  |TAMS 0x0000000083600000, 0x0000000083600000| Untracked 
|  33|0x0000000083700000, 0x0000000083700000, 0x0000000083800000|  0%| F|  |TAMS 0x0000000083700000, 0x0000000083700000| Untracked 
|  34|0x0000000083800000, 0x0000000083800000, 0x0000000083900000|  0%| F|  |TAMS 0x0000000083800000, 0x0000000083800000| Untracked 
|  35|0x0000000083900000, 0x0000000083900000, 0x0000000083a00000|  0%| F|  |TAMS 0x0000000083900000, 0x0000000083900000| Untracked 
|  36|0x0000000083a00000, 0x0000000083a00000, 0x0000000083b00000|  0%| F|  |TAMS 0x0000000083a00000, 0x0000000083a00000| Untracked 
|  37|0x0000000083b00000, 0x0000000083b00000, 0x0000000083c00000|  0%| F|  |TAMS 0x0000000083b00000, 0x0000000083b00000| Untracked 
|  38|0x0000000083c00000, 0x0000000083c00000, 0x0000000083d00000|  0%| F|  |TAMS 0x0000000083c00000, 0x0000000083c00000| Untracked 
|  39|0x0000000083d00000, 0x0000000083d00000, 0x0000000083e00000|  0%| F|  |TAMS 0x0000000083d00000, 0x0000000083d00000| Untracked 
|  40|0x0000000083e00000, 0x0000000083e00000, 0x0000000083f00000|  0%| F|  |TAMS 0x0000000083e00000, 0x0000000083e00000| Untracked 
|  41|0x0000000083f00000, 0x0000000083f00000, 0x0000000084000000|  0%| F|  |TAMS 0x0000000083f00000, 0x0000000083f00000| Untracked 
|  42|0x0000000084000000, 0x0000000084000000, 0x0000000084100000|  0%| F|  |TAMS 0x0000000084000000, 0x0000000084000000| Untracked 
|  43|0x0000000084100000, 0x0000000084100000, 0x0000000084200000|  0%| F|  |TAMS 0x0000000084100000, 0x0000000084100000| Untracked 
|  44|0x0000000084200000, 0x0000000084200000, 0x0000000084300000|  0%| F|  |TAMS 0x0000000084200000, 0x0000000084200000| Untracked 
|  45|0x0000000084300000, 0x0000000084300000, 0x0000000084400000|  0%| F|  |TAMS 0x0000000084300000, 0x0000000084300000| Untracked 
|  46|0x0000000084400000, 0x0000000084400000, 0x0000000084500000|  0%| F|  |TAMS 0x0000000084400000, 0x0000000084400000| Untracked 
|  47|0x0000000084500000, 0x0000000084500000, 0x0000000084600000|  0%| F|  |TAMS 0x0000000084500000, 0x0000000084500000| Untracked 
|  48|0x0000000084600000, 0x0000000084600000, 0x0000000084700000|  0%| F|  |TAMS 0x0000000084600000, 0x0000000084600000| Untracked 
|  49|0x0000000084700000, 0x0000000084700000, 0x0000000084800000|  0%| F|  |TAMS 0x0000000084700000, 0x0000000084700000| Untracked 
|  50|0x0000000084800000, 0x0000000084800000, 0x0000000084900000|  0%| F|  |TAMS 0x0000000084800000, 0x0000000084800000| Untracked 
|  51|0x0000000084900000, 0x0000000084900000, 0x0000000084a00000|  0%| F|  |TAMS 0x0000000084900000, 0x0000000084900000| Untracked 
|  52|0x0000000084a00000, 0x0000000084a00000, 0x0000000084b00000|  0%| F|  |TAMS 0x0000000084a00000, 0x0000000084a00000| Untracked 
|  53|0x0000000084b00000, 0x0000000084b00000, 0x0000000084c00000|  0%| F|  |TAMS 0x0000000084b00000, 0x0000000084b00000| Untracked 
|  54|0x0000000084c00000, 0x0000000084c00000, 0x0000000084d00000|  0%| F|  |TAMS 0x0000000084c00000, 0x0000000084c00000| Untracked 
|  55|0x0000000084d00000, 0x0000000084d00000, 0x0000000084e00000|  0%| F|  |TAMS 0x0000000084d00000, 0x0000000084d00000| Untracked 
|  56|0x0000000084e00000, 0x0000000084e00000, 0x0000000084f00000|  0%| F|  |TAMS 0x0000000084e00000, 0x0000000084e00000| Untracked 
|  57|0x0000000084f00000, 0x0000000084f00000, 0x0000000085000000|  0%| F|  |TAMS 0x0000000084f00000, 0x0000000084f00000| Untracked 
|  58|0x0000000085000000, 0x0000000085000000, 0x0000000085100000|  0%| F|  |TAMS 0x0000000085000000, 0x0000000085000000| Untracked 
|  59|0x0000000085100000, 0x0000000085100000, 0x0000000085200000|  0%| F|  |TAMS 0x0000000085100000, 0x0000000085100000| Untracked 
|  60|0x0000000085200000, 0x0000000085200000, 0x0000000085300000|  0%| F|  |TAMS 0x0000000085200000, 0x0000000085200000| Untracked 
|  61|0x0000000085300000, 0x0000000085300000, 0x0000000085400000|  0%| F|  |TAMS 0x0000000085300000, 0x0000000085300000| Untracked 
|  62|0x0000000085400000, 0x0000000085400000, 0x0000000085500000|  0%| F|  |TAMS 0x0000000085400000, 0x0000000085400000| Untracked 
|  63|0x0000000085500000, 0x0000000085500000, 0x0000000085600000|  0%| F|  |TAMS 0x0000000085500000, 0x0000000085500000| Untracked 
|  64|0x0000000085600000, 0x0000000085600000, 0x0000000085700000|  0%| F|  |TAMS 0x0000000085600000, 0x0000000085600000| Untracked 
|  65|0x0000000085700000, 0x0000000085700000, 0x0000000085800000|  0%| F|  |TAMS 0x0000000085700000, 0x0000000085700000| Untracked 
|  66|0x0000000085800000, 0x0000000085900000, 0x0000000085900000|100%| E|  |TAMS 0x0000000085800000, 0x0000000085800000| Complete 
|  67|0x0000000085900000, 0x0000000085a00000, 0x0000000085a00000|100%| E|CS|TAMS 0x0000000085900000, 0x0000000085900000| Complete 
|  68|0x0000000085a00000, 0x0000000085b00000, 0x0000000085b00000|100%| E|CS|TAMS 0x0000000085a00000, 0x0000000085a00000| Complete 
|  69|0x0000000085b00000, 0x0000000085c00000, 0x0000000085c00000|100%| E|CS|TAMS 0x0000000085b00000, 0x0000000085b00000| Complete 
|  70|0x0000000085c00000, 0x0000000085d00000, 0x0000000085d00000|100%| E|CS|TAMS 0x0000000085c00000, 0x0000000085c00000| Complete 
|  71|0x0000000085d00000, 0x0000000085e00000, 0x0000000085e00000|100%| E|CS|TAMS 0x0000000085d00000, 0x0000000085d00000| Complete 
|  72|0x0000000085e00000, 0x0000000085f00000, 0x0000000085f00000|100%| E|CS|TAMS 0x0000000085e00000, 0x0000000085e00000| Complete 
|  73|0x0000000085f00000, 0x0000000086000000, 0x0000000086000000|100%| E|CS|TAMS 0x0000000085f00000, 0x0000000085f00000| Complete 
|  74|0x0000000086000000, 0x0000000086100000, 0x0000000086100000|100%| E|CS|TAMS 0x0000000086000000, 0x0000000086000000| Complete 
|  75|0x0000000086100000, 0x0000000086200000, 0x0000000086200000|100%| E|CS|TAMS 0x0000000086100000, 0x0000000086100000| Complete 
|  76|0x0000000086200000, 0x0000000086300000, 0x0000000086300000|100%| E|CS|TAMS 0x0000000086200000, 0x0000000086200000| Complete 
|  77|0x0000000086300000, 0x0000000086400000, 0x0000000086400000|100%| E|CS|TAMS 0x0000000086300000, 0x0000000086300000| Complete 
|  78|0x0000000086400000, 0x0000000086500000, 0x0000000086500000|100%| E|CS|TAMS 0x0000000086400000, 0x0000000086400000| Complete 
|  79|0x0000000086500000, 0x0000000086600000, 0x0000000086600000|100%| E|CS|TAMS 0x0000000086500000, 0x0000000086500000| Complete 
|  80|0x0000000086600000, 0x0000000086700000, 0x0000000086700000|100%| E|CS|TAMS 0x0000000086600000, 0x0000000086600000| Complete 
|  81|0x0000000086700000, 0x0000000086800000, 0x0000000086800000|100%| E|CS|TAMS 0x0000000086700000, 0x0000000086700000| Complete 
|  82|0x0000000086800000, 0x0000000086900000, 0x0000000086900000|100%| E|CS|TAMS 0x0000000086800000, 0x0000000086800000| Complete 
|  83|0x0000000086900000, 0x0000000086a00000, 0x0000000086a00000|100%| E|CS|TAMS 0x0000000086900000, 0x0000000086900000| Complete 
|  84|0x0000000086a00000, 0x0000000086b00000, 0x0000000086b00000|100%| E|CS|TAMS 0x0000000086a00000, 0x0000000086a00000| Complete 
|  85|0x0000000086b00000, 0x0000000086c00000, 0x0000000086c00000|100%| E|CS|TAMS 0x0000000086b00000, 0x0000000086b00000| Complete 
|  86|0x0000000086c00000, 0x0000000086d00000, 0x0000000086d00000|100%| E|CS|TAMS 0x0000000086c00000, 0x0000000086c00000| Complete 
|  87|0x0000000086d00000, 0x0000000086e00000, 0x0000000086e00000|100%| E|CS|TAMS 0x0000000086d00000, 0x0000000086d00000| Complete 
|  88|0x0000000086e00000, 0x0000000086f00000, 0x0000000086f00000|100%| E|CS|TAMS 0x0000000086e00000, 0x0000000086e00000| Complete 
|  89|0x0000000086f00000, 0x0000000087000000, 0x0000000087000000|100%| E|CS|TAMS 0x0000000086f00000, 0x0000000086f00000| Complete 
|  90|0x0000000087000000, 0x0000000087100000, 0x0000000087100000|100%| E|CS|TAMS 0x0000000087000000, 0x0000000087000000| Complete 
|  91|0x0000000087100000, 0x0000000087200000, 0x0000000087200000|100%| E|CS|TAMS 0x0000000087100000, 0x0000000087100000| Complete 
|  92|0x0000000087200000, 0x0000000087300000, 0x0000000087300000|100%| E|CS|TAMS 0x0000000087200000, 0x0000000087200000| Complete 
|  93|0x0000000087300000, 0x0000000087329af0, 0x0000000087400000| 16%| S|CS|TAMS 0x0000000087300000, 0x0000000087300000| Complete 
|  94|0x0000000087400000, 0x0000000087500000, 0x0000000087500000|100%| S|CS|TAMS 0x0000000087400000, 0x0000000087400000| Complete 
|  95|0x0000000087500000, 0x0000000087600000, 0x0000000087600000|100%| S|CS|TAMS 0x0000000087500000, 0x0000000087500000| Complete 
|  96|0x0000000087600000, 0x0000000087700000, 0x0000000087700000|100%| E|CS|TAMS 0x0000000087600000, 0x0000000087600000| Complete 
|  97|0x0000000087700000, 0x0000000087800000, 0x0000000087800000|100%| E|CS|TAMS 0x0000000087700000, 0x0000000087700000| Complete 
|  98|0x0000000087800000, 0x0000000087900000, 0x0000000087900000|100%| E|CS|TAMS 0x0000000087800000, 0x0000000087800000| Complete 
|  99|0x0000000087900000, 0x0000000087a00000, 0x0000000087a00000|100%| E|CS|TAMS 0x0000000087900000, 0x0000000087900000| Complete 
| 100|0x0000000087a00000, 0x0000000087b00000, 0x0000000087b00000|100%| E|CS|TAMS 0x0000000087a00000, 0x0000000087a00000| Complete 
| 101|0x0000000087b00000, 0x0000000087c00000, 0x0000000087c00000|100%| E|CS|TAMS 0x0000000087b00000, 0x0000000087b00000| Complete 
| 102|0x0000000087c00000, 0x0000000087d00000, 0x0000000087d00000|100%| E|CS|TAMS 0x0000000087c00000, 0x0000000087c00000| Complete 
| 103|0x0000000087d00000, 0x0000000087e00000, 0x0000000087e00000|100%| E|CS|TAMS 0x0000000087d00000, 0x0000000087d00000| Complete 
| 104|0x0000000087e00000, 0x0000000087f00000, 0x0000000087f00000|100%| E|CS|TAMS 0x0000000087e00000, 0x0000000087e00000| Complete 
| 105|0x0000000087f00000, 0x0000000088000000, 0x0000000088000000|100%| E|CS|TAMS 0x0000000087f00000, 0x0000000087f00000| Complete 
| 106|0x0000000088000000, 0x0000000088100000, 0x0000000088100000|100%| E|CS|TAMS 0x0000000088000000, 0x0000000088000000| Complete 
| 107|0x0000000088100000, 0x0000000088200000, 0x0000000088200000|100%| E|CS|TAMS 0x0000000088100000, 0x0000000088100000| Complete 
| 108|0x0000000088200000, 0x0000000088300000, 0x0000000088300000|100%| E|CS|TAMS 0x0000000088200000, 0x0000000088200000| Complete 
| 109|0x0000000088300000, 0x0000000088400000, 0x0000000088400000|100%| E|CS|TAMS 0x0000000088300000, 0x0000000088300000| Complete 
| 110|0x0000000088400000, 0x0000000088500000, 0x0000000088500000|100%| E|CS|TAMS 0x0000000088400000, 0x0000000088400000| Complete 
| 111|0x0000000088500000, 0x0000000088600000, 0x0000000088600000|100%| E|CS|TAMS 0x0000000088500000, 0x0000000088500000| Complete 
| 112|0x0000000088600000, 0x0000000088700000, 0x0000000088700000|100%| E|CS|TAMS 0x0000000088600000, 0x0000000088600000| Complete 
| 113|0x0000000088700000, 0x0000000088800000, 0x0000000088800000|100%| E|CS|TAMS 0x0000000088700000, 0x0000000088700000| Complete 
| 114|0x0000000088800000, 0x0000000088900000, 0x0000000088900000|100%| E|CS|TAMS 0x0000000088800000, 0x0000000088800000| Complete 
| 115|0x0000000088900000, 0x0000000088a00000, 0x0000000088a00000|100%| E|CS|TAMS 0x0000000088900000, 0x0000000088900000| Complete 
| 116|0x0000000088a00000, 0x0000000088b00000, 0x0000000088b00000|100%| E|CS|TAMS 0x0000000088a00000, 0x0000000088a00000| Complete 
| 117|0x0000000088b00000, 0x0000000088c00000, 0x0000000088c00000|100%| E|CS|TAMS 0x0000000088b00000, 0x0000000088b00000| Complete 
| 118|0x0000000088c00000, 0x0000000088d00000, 0x0000000088d00000|100%| E|CS|TAMS 0x0000000088c00000, 0x0000000088c00000| Complete 
| 119|0x0000000088d00000, 0x0000000088e00000, 0x0000000088e00000|100%| E|CS|TAMS 0x0000000088d00000, 0x0000000088d00000| Complete 
| 120|0x0000000088e00000, 0x0000000088f00000, 0x0000000088f00000|100%| E|CS|TAMS 0x0000000088e00000, 0x0000000088e00000| Complete 
| 121|0x0000000088f00000, 0x0000000089000000, 0x0000000089000000|100%| E|CS|TAMS 0x0000000088f00000, 0x0000000088f00000| Complete 
| 122|0x0000000089000000, 0x0000000089100000, 0x0000000089100000|100%| E|CS|TAMS 0x0000000089000000, 0x0000000089000000| Complete 
| 123|0x0000000089100000, 0x0000000089200000, 0x0000000089200000|100%| E|CS|TAMS 0x0000000089100000, 0x0000000089100000| Complete 
| 124|0x0000000089200000, 0x0000000089300000, 0x0000000089300000|100%| E|CS|TAMS 0x0000000089200000, 0x0000000089200000| Complete 
| 125|0x0000000089300000, 0x0000000089400000, 0x0000000089400000|100%| E|CS|TAMS 0x0000000089300000, 0x0000000089300000| Complete 
| 126|0x0000000089400000, 0x0000000089500000, 0x0000000089500000|100%| E|CS|TAMS 0x0000000089400000, 0x0000000089400000| Complete 
| 127|0x0000000089500000, 0x0000000089600000, 0x0000000089600000|100%| E|CS|TAMS 0x0000000089500000, 0x0000000089500000| Complete 

Card table byte_map: [0x000001d718080000,0x000001d718480000] _byte_map_base: 0x000001d717c75000

Marking Bits (Prev, Next): (CMBitMap*) 0x000001d77efd1d90, (CMBitMap*) 0x000001d77efd1dd0
 Prev Bits: [0x000001d718880000, 0x000001d71a828000)
 Next Bits: [0x000001d71a830000, 0x000001d71c7d8000)

Polling page: 0x000001d77f040000

Metaspace:

Usage:
  Non-class:     11.42 MB used.
      Class:      1.43 MB used.
       Both:     12.85 MB used.

Virtual space:
  Non-class space:       64.00 MB reserved,      11.56 MB ( 18%) committed,  1 nodes.
      Class space:        1.00 GB reserved,       1.56 MB ( <1%) committed,  1 nodes.
             Both:        1.06 GB reserved,      13.12 MB (  1%) committed. 

Chunk freelists:
   Non-Class:  3.28 MB
       Class:  2.45 MB
        Both:  5.73 MB

MaxMetaspaceSize: unlimited
CompressedClassSpaceSize: 1.00 GB
Initial GC threshold: 21.00 MB
Current GC threshold: 21.00 MB
CDS: on
MetaspaceReclaimPolicy: balanced
 - commit_granule_bytes: 65536.
 - commit_granule_words: 8192.
 - virtual_space_node_default_size: 8388608.
 - enlarge_chunks_in_place: 1.
 - new_chunks_are_fully_committed: 0.
 - uncommit_free_chunks: 1.
 - use_allocation_guard: 0.


Internal statistics:

num_allocs_failed_limit: 0.
num_arena_births: 244.
num_arena_deaths: 0.
num_vsnodes_births: 2.
num_vsnodes_deaths: 0.
num_space_committed: 210.
num_space_uncommitted: 0.
num_chunks_returned_to_freelist: 0.
num_chunks_taken_from_freelist: 692.
num_chunk_merges: 0.
num_chunk_splits: 498.
num_chunks_enlarged: 377.
num_inconsistent_stats: 0.

CodeHeap 'non-profiled nmethods': size=120000Kb used=1495Kb max_used=1495Kb free=118504Kb
 bounds [0x000001d710750000, 0x000001d7109c0000, 0x000001d717c80000]
CodeHeap 'profiled nmethods': size=120000Kb used=6759Kb max_used=6759Kb free=113240Kb
 bounds [0x000001d709220000, 0x000001d7098c0000, 0x000001d710750000]
CodeHeap 'non-nmethods': size=5760Kb used=1184Kb max_used=1244Kb free=4575Kb
 bounds [0x000001d708c80000, 0x000001d708ef0000, 0x000001d709220000]
 total_blobs=3862 nmethods=3399 adapters=375
 compilation: enabled
              stopped_count=0, restarted_count=0
 full_count=0

Compilation events (20 events):
Event: 11.497 Thread 0x000001d71f1c6340 nmethod 3386 0x000001d7098aed90 code [0x000001d7098aef20, 0x000001d7098af078]
Event: 11.497 Thread 0x000001d71f1c6340 3387       3       org.eclipse.aether.RepositoryEvent$Builder::setArtifact (7 bytes)
Event: 11.497 Thread 0x000001d71f1c6340 nmethod 3387 0x000001d7098af110 code [0x000001d7098af2a0, 0x000001d7098af3f8]
Event: 11.497 Thread 0x000001d71f1c6340 3384       3       org.eclipse.aether.internal.impl.EnhancedLocalRepositoryManager::getKey (27 bytes)
Event: 11.498 Thread 0x000001d71f1c6340 nmethod 3384 0x000001d7098af490 code [0x000001d7098af6c0, 0x000001d7098afd08]
Event: 11.509 Thread 0x000001d71f1c6340 3388       3       java.io.File::getParent (65 bytes)
Event: 11.510 Thread 0x000001d71f1c6340 nmethod 3388 0x000001d7098aff90 code [0x000001d7098b01c0, 0x000001d7098b08b8]
Event: 11.519 Thread 0x000001d71f1c6340 3390  s!   3       java.io.FileDescriptor::closeAll (163 bytes)
Event: 11.520 Thread 0x000001d71f1c6340 nmethod 3390 0x000001d7098b0b90 code [0x000001d7098b0e00, 0x000001d7098b1ca8]
Event: 11.520 Thread 0x000001d71f1c6340 3391  s    3       java.io.FileDescriptor::close (9 bytes)
Event: 11.521 Thread 0x000001d71f1c6340 nmethod 3391 0x000001d7098b2310 code [0x000001d7098b24e0, 0x000001d7098b2938]
Event: 11.521 Thread 0x000001d71f1c6340 3392  s    3       java.io.FileDescriptor::unregisterCleanup (20 bytes)
Event: 11.521 Thread 0x000001d71f1c6340 nmethod 3392 0x000001d7098b2a90 code [0x000001d7098b2c40, 0x000001d7098b2f28]
Event: 11.521 Thread 0x000001d71f1c6340 3393       3       jdk.internal.ref.PhantomCleanable::clear (12 bytes)
Event: 11.522 Thread 0x000001d71f1c6340 nmethod 3393 0x000001d7098b3010 code [0x000001d7098b31c0, 0x000001d7098b33d8]
Event: 11.522 Thread 0x000001d71f1c6340 3395       3       org.eclipse.aether.DefaultRepositorySystemSession::getLocalRepository (20 bytes)
Event: 11.522 Thread 0x000001d71f1c6340 nmethod 3395 0x000001d7098b3490 code [0x000001d7098b3640, 0x000001d7098b38a8]
Event: 11.531 Thread 0x000001d723fe6330 nmethod 3378% 0x000001d7108bdc10 code [0x000001d7108bdde0, 0x000001d7108be7d8]
Event: 11.531 Thread 0x000001d723fe6330 3389       4       java.util.Collections$UnmodifiableMap::get (11 bytes)
Event: 11.532 Thread 0x000001d723fe6330 nmethod 3389 0x000001d7108bef10 code [0x000001d7108bf080, 0x000001d7108bf118]

GC Heap History (4 events):
Event: 3.777 GC heap before
{Heap before GC invocations=0 (full 0):
 garbage-first heap   total 131072K, used 22528K [0x0000000081600000, 0x0000000100000000)
  region size 1024K, 23 young (23552K), 0 survivors (0K)
 Metaspace       used 4823K, committed 4992K, reserved 1114112K
  class space    used 556K, committed 640K, reserved 1048576K
}
Event: 3.997 GC heap after
{Heap after GC invocations=1 (full 0):
 garbage-first heap   total 131072K, used 3592K [0x0000000081600000, 0x0000000100000000)
  region size 1024K, 3 young (3072K), 3 survivors (3072K)
 Metaspace       used 4823K, committed 4992K, reserved 1114112K
  class space    used 556K, committed 640K, reserved 1048576K
}
Event: 7.203 GC heap before
{Heap before GC invocations=1 (full 0):
 garbage-first heap   total 131072K, used 33288K [0x0000000081600000, 0x0000000100000000)
  region size 1024K, 32 young (32768K), 3 survivors (3072K)
 Metaspace       used 9854K, committed 10048K, reserved 1114112K
  class space    used 1186K, committed 1280K, reserved 1048576K
}
Event: 7.219 GC heap after
{Heap after GC invocations=2 (full 0):
 garbage-first heap   total 131072K, used 5793K [0x0000000081600000, 0x0000000100000000)
  region size 1024K, 3 young (3072K), 3 survivors (3072K)
 Metaspace       used 9854K, committed 10048K, reserved 1114112K
  class space    used 1186K, committed 1280K, reserved 1048576K
}

Deoptimization events (20 events):
Event: 11.137 Thread 0x000001d77ef70c80 Uncommon trap: trap_request=0xffffffde fr.pc=0x000001d710866c10 relative=0x0000000000000150
Event: 11.137 Thread 0x000001d77ef70c80 Uncommon trap: reason=class_check action=maybe_recompile pc=0x000001d710866c10 method=java.nio.charset.CharsetDecoder.decode(Ljava/nio/ByteBuffer;Ljava/nio/CharBuffer;Z)Ljava/nio/charset/CoderResult; @ 57 c2
Event: 11.137 Thread 0x000001d77ef70c80 DEOPT PACKING pc=0x000001d710866c10 sp=0x0000005e89dfd0f0
Event: 11.137 Thread 0x000001d77ef70c80 DEOPT UNPACKING pc=0x000001d708cd23a3 sp=0x0000005e89dfd078 mode 2
Event: 11.140 Thread 0x000001d77ef70c80 Uncommon trap: trap_request=0xffffffde fr.pc=0x000001d710866c10 relative=0x0000000000000150
Event: 11.140 Thread 0x000001d77ef70c80 Uncommon trap: reason=class_check action=maybe_recompile pc=0x000001d710866c10 method=java.nio.charset.CharsetDecoder.decode(Ljava/nio/ByteBuffer;Ljava/nio/CharBuffer;Z)Ljava/nio/charset/CoderResult; @ 57 c2
Event: 11.140 Thread 0x000001d77ef70c80 DEOPT PACKING pc=0x000001d710866c10 sp=0x0000005e89dfcf60
Event: 11.140 Thread 0x000001d77ef70c80 DEOPT UNPACKING pc=0x000001d708cd23a3 sp=0x0000005e89dfcee8 mode 2
Event: 11.352 Thread 0x000001d77ef70c80 Uncommon trap: trap_request=0xffffff45 fr.pc=0x000001d7107e0fdc relative=0x000000000000023c
Event: 11.352 Thread 0x000001d77ef70c80 Uncommon trap: reason=unstable_if action=reinterpret pc=0x000001d7107e0fdc method=java.util.HashMap.hash(Ljava/lang/Object;)I @ 1 c2
Event: 11.352 Thread 0x000001d77ef70c80 DEOPT PACKING pc=0x000001d7107e0fdc sp=0x0000005e89dfe390
Event: 11.352 Thread 0x000001d77ef70c80 DEOPT UNPACKING pc=0x000001d708cd23a3 sp=0x0000005e89dfe228 mode 2
Event: 11.352 Thread 0x000001d77ef70c80 Uncommon trap: trap_request=0xffffff45 fr.pc=0x000001d7107de9ec relative=0x000000000000024c
Event: 11.352 Thread 0x000001d77ef70c80 Uncommon trap: reason=unstable_if action=reinterpret pc=0x000001d7107de9ec method=java.util.HashMap.hash(Ljava/lang/Object;)I @ 1 c2
Event: 11.352 Thread 0x000001d77ef70c80 DEOPT PACKING pc=0x000001d7107de9ec sp=0x0000005e89dfe320
Event: 11.352 Thread 0x000001d77ef70c80 DEOPT UNPACKING pc=0x000001d708cd23a3 sp=0x0000005e89dfe228 mode 2
Event: 11.353 Thread 0x000001d77ef70c80 Uncommon trap: trap_request=0xffffff45 fr.pc=0x000001d7107d7218 relative=0x0000000000000098
Event: 11.353 Thread 0x000001d77ef70c80 Uncommon trap: reason=unstable_if action=reinterpret pc=0x000001d7107d7218 method=java.util.HashMap.hash(Ljava/lang/Object;)I @ 1 c2
Event: 11.353 Thread 0x000001d77ef70c80 DEOPT PACKING pc=0x000001d7107d7218 sp=0x0000005e89dfe290
Event: 11.353 Thread 0x000001d77ef70c80 DEOPT UNPACKING pc=0x000001d708cd23a3 sp=0x0000005e89dfe228 mode 2

Classes loaded (20 events):
Event: 8.329 Loading class java/util/spi/ResourceBundleProvider
Event: 8.330 Loading class java/util/spi/ResourceBundleProvider done
Event: 8.330 Loading class sun/util/resources/LocaleData$LocaleDataResourceBundleProvider done
Event: 8.330 Loading class sun/util/resources/LocaleData$CommonResourceBundleProvider done
Event: 8.330 Loading class sun/util/resources/Bundles$2
Event: 8.330 Loading class sun/util/resources/Bundles$2 done
Event: 8.539 Loading class java/math/BigDecimal
Event: 8.540 Loading class java/math/BigDecimal done
Event: 8.558 Loading class java/lang/Short$ShortCache
Event: 8.559 Loading class java/lang/Short$ShortCache done
Event: 8.559 Loading class java/lang/Byte$ByteCache
Event: 8.559 Loading class java/lang/Byte$ByteCache done
Event: 8.577 Loading class sun/invoke/util/ValueConversions$1
Event: 8.577 Loading class sun/invoke/util/ValueConversions$1 done
Event: 8.579 Loading class java/lang/invoke/BoundMethodHandle$Species_LI
Event: 8.579 Loading class java/lang/invoke/BoundMethodHandle$Species_LI done
Event: 9.372 Loading class java/util/LinkedList$ListItr
Event: 9.372 Loading class java/util/LinkedList$ListItr done
Event: 11.135 Loading class sun/nio/cs/ISO_8859_1$Decoder
Event: 11.135 Loading class sun/nio/cs/ISO_8859_1$Decoder done

Classes unloaded (0 events):
No events

Classes redefined (0 events):
No events

Internal exceptions (20 events):
Event: 6.713 Thread 0x000001d77ef70c80 Exception <a 'java/lang/NoSuchMethodError'{0x00000000878c8938}: 'void java.lang.invoke.Invokers$Holder.invokeExact_MT(java.lang.Object, java.lang.Object, java.lang.Object, java.lang.Object)'> (0x00000000878c8938) 
thrown [s\open\src\hotspot\share\interpreter\linkResolver.cpp, line 766]
Event: 6.840 Thread 0x000001d77ef70c80 Exception <a 'java/lang/NoClassDefFoundError'{0x0000000087754b40}: com/google/inject/servlet/ServletModuleTargetVisitor> (0x0000000087754b40) 
thrown [s\open\src\hotspot\share\classfile\systemDictionary.cpp, line 244]
Event: 7.044 Thread 0x000001d77ef70c80 Exception <a 'java/lang/NoSuchMethodError'{0x00000000876372e8}: 'java.lang.Object java.lang.invoke.DirectMethodHandle$Holder.invokeStatic(java.lang.Object, java.lang.Object, int)'> (0x00000000876372e8) 
thrown [s\open\src\hotspot\share\interpreter\linkResolver.cpp, line 766]
Event: 7.048 Thread 0x000001d77ef70c80 Exception <a 'java/lang/NoSuchMethodError'{0x0000000087643798}: 'void java.lang.invoke.DelegatingMethodHandle$Holder.delegate(java.lang.Object, java.lang.Object, int, java.lang.Object)'> (0x0000000087643798) 
thrown [s\open\src\hotspot\share\interpreter\linkResolver.cpp, line 766]
Event: 7.049 Thread 0x000001d77ef70c80 Exception <a 'java/lang/NoSuchMethodError'{0x0000000087648368}: 'int java.lang.invoke.DirectMethodHandle$Holder.invokeSpecial(java.lang.Object, java.lang.Object, java.lang.Object)'> (0x0000000087648368) 
thrown [s\open\src\hotspot\share\interpreter\linkResolver.cpp, line 766]
Event: 7.294 Thread 0x000001d77ef70c80 Exception <a 'java/lang/NoSuchMethodError'{0x00000000895cf5c0}: 'java.lang.Object java.lang.invoke.DirectMethodHandle$Holder.newInvokeSpecial(java.lang.Object, java.lang.Object, java.lang.Object, java.lang.Object, java.lang.Object, java.lang.Object, java.lang.Object)'> (0x00000000895cf5c0) 
thrown [s\open\src\hotspot\share\interpreter\linkResolver.cpp, line 766]
Event: 7.326 Thread 0x000001d77ef70c80 Exception <a 'java/lang/NoSuchMethodError'{0x000000008940e1a8}: 'java.lang.Object java.lang.invoke.DirectMethodHandle$Holder.newInvokeSpecial(java.lang.Object, java.lang.Object, java.lang.Object, java.lang.Object, java.lang.Object, java.lang.Object, java.lang.Object, java.lang.Object, java.lang.Object)'> (0x000000008940e1a8) 
thrown [s\open\src\hotspot\share\interpreter\linkResolver.cpp, line 766]
Event: 7.327 Thread 0x000001d77ef70c80 Exception <a 'java/lang/NoSuchMethodError'{0x00000000894144b8}: 'java.lang.Object java.lang.invoke.DirectMethodHandle$Holder.invokeSpecial(java.lang.Object, java.lang.Object, java.lang.Object, java.lang.Object, java.lang.Object, java.lang.Object, java.lang.Object, java.lang.Object, java.lang.Object, java.lang.Object)'> (0x00000000894144b8) 
thrown [s\open\src\hotspot\share\interpreter\linkResolver.cpp, line 766]
Event: 7.400 Thread 0x000001d77ef70c80 Exception <a 'java/lang/NoSuchMethodError'{0x00000000894c3710}: 'java.lang.Object java.lang.invoke.DirectMethodHandle$Holder.newInvokeSpecial(java.lang.Object, java.lang.Object, java.lang.Object, java.lang.Object, java.lang.Object, java.lang.Object, java.lang.Object, java.lang.Object, java.lang.Object, java.lang.Object, java.lang.Object, java.lang.Object)'> (0x00000000894c3710) 
thrown [s\open\src\hotspot\share\interpreter\linkResolver.cpp, line 766]
Event: 7.402 Thread 0x000001d77ef70c80 Exception <a 'java/lang/NoSuchMethodError'{0x00000000894c9840}: 'java.lang.Object java.lang.invoke.DirectMethodHandle$Holder.invokeSpecial(java.lang.Object, java.lang.Object, java.lang.Object, java.lang.Object, java.lang.Object, java.lang.Object, java.lang.Object, java.lang.Object, java.lang.Object, java.lang.Object, java.lang.Object, java.lang.Object, java.lang.Object)'> (0x00000000894c9840) 
thrown [s\open\src\hotspot\share\interpreter\linkResolver.cpp, line 766]
Event: 7.492 Thread 0x000001d77ef70c80 Exception <a 'java/lang/NoSuchMethodError'{0x000000008937df70}: 'java.lang.Object java.lang.invoke.DirectMethodHandle$Holder.invokeStaticInit(java.lang.Object, int, int, int, int)'> (0x000000008937df70) 
thrown [s\open\src\hotspot\share\interpreter\linkResolver.cpp, line 766]
Event: 8.025 Thread 0x000001d77ef70c80 Implicit null exception at 0x000001d710788852 to 0x000001d710788d84
Event: 8.025 Thread 0x000001d77ef70c80 Implicit null exception at 0x000001d710780052 to 0x000001d71078057c
Event: 8.576 Thread 0x000001d77ef70c80 Exception <a 'java/lang/NoSuchMethodError'{0x0000000088b3ae50}: 'void java.lang.invoke.DirectMethodHandle$Holder.invokeVirtual(java.lang.Object, java.lang.Object, int)'> (0x0000000088b3ae50) 
thrown [s\open\src\hotspot\share\interpreter\linkResolver.cpp, line 766]
Event: 8.578 Thread 0x000001d77ef70c80 Exception <a 'java/lang/NoSuchMethodError'{0x0000000088b3f2f0}: 'int java.lang.invoke.DirectMethodHandle$Holder.invokeSpecial(java.lang.Object, java.lang.Object, java.lang.Object, int)'> (0x0000000088b3f2f0) 
thrown [s\open\src\hotspot\share\interpreter\linkResolver.cpp, line 766]
Event: 8.582 Thread 0x000001d77ef70c80 Exception <a 'java/lang/NoSuchMethodError'{0x0000000088b51c90}: 'java.lang.Object java.lang.invoke.DirectMethodHandle$Holder.invokeStatic(java.lang.Object, java.lang.Object, java.lang.Object, java.lang.Object, int)'> (0x0000000088b51c90) 
thrown [s\open\src\hotspot\share\interpreter\linkResolver.cpp, line 766]
Event: 8.585 Thread 0x000001d77ef70c80 Exception <a 'java/lang/NoSuchMethodError'{0x0000000088b5d5d0}: 'void java.lang.invoke.DelegatingMethodHandle$Holder.reinvoke_L(java.lang.Object, java.lang.Object, int)'> (0x0000000088b5d5d0) 
thrown [s\open\src\hotspot\share\interpreter\linkResolver.cpp, line 766]
Event: 11.352 Thread 0x000001d77ef70c80 Implicit null exception at 0x000001d7107e0def to 0x000001d7107e0fc0
Event: 11.352 Thread 0x000001d77ef70c80 Implicit null exception at 0x000001d7107de7ef to 0x000001d7107de9d0
Event: 11.353 Thread 0x000001d77ef70c80 Implicit null exception at 0x000001d7107d718f to 0x000001d7107d7209

VM Operations (20 events):
Event: 6.696 Executing VM operation: HandshakeAllThreads
Event: 6.696 Executing VM operation: HandshakeAllThreads done
Event: 7.043 Executing VM operation: HandshakeAllThreads
Event: 7.043 Executing VM operation: HandshakeAllThreads done
Event: 7.203 Executing VM operation: G1CollectForAllocation
Event: 7.219 Executing VM operation: G1CollectForAllocation done
Event: 7.446 Executing VM operation: HandshakeAllThreads
Event: 7.453 Executing VM operation: HandshakeAllThreads done
Event: 7.547 Executing VM operation: HandshakeAllThreads
Event: 7.547 Executing VM operation: HandshakeAllThreads done
Event: 7.696 Executing VM operation: HandshakeAllThreads
Event: 7.696 Executing VM operation: HandshakeAllThreads done
Event: 7.922 Executing VM operation: HandshakeAllThreads
Event: 7.922 Executing VM operation: HandshakeAllThreads done
Event: 8.642 Executing VM operation: ICBufferFull
Event: 8.642 Executing VM operation: ICBufferFull done
Event: 9.644 Executing VM operation: Cleanup
Event: 9.664 Executing VM operation: Cleanup done
Event: 10.669 Executing VM operation: Cleanup
Event: 10.689 Executing VM operation: Cleanup done

Events (20 events):
Event: 1.074 Loaded shared library C:\Program Files\NetBeans-13\netbeans\java\maven\lib\jansi-native\Windows\x86_64\jansi.dll
Event: 1.143 Loaded shared library C:\Program Files\Java\jdk-18.0.1.1\bin\verify.dll
Event: 2.725 Thread 0x000001d723d74620 Thread added: 0x000001d723d74620
Event: 2.958 Thread 0x000001d723d74620 Thread exited: 0x000001d723d74620
Event: 3.339 Thread 0x000001d7239b5650 Thread added: 0x000001d7239b5650
Event: 3.339 Thread 0x000001d7239b5b50 Thread added: 0x000001d7239b5b50
Event: 4.000 Thread 0x000001d7239b5b50 Thread exited: 0x000001d7239b5b50
Event: 4.445 Thread 0x000001d7239b5650 Thread exited: 0x000001d7239b5650
Event: 7.405 Thread 0x000001d723fe7770 Thread added: 0x000001d723fe7770
Event: 7.435 Thread 0x000001d723fe8bb0 Thread added: 0x000001d723fe8bb0
Event: 7.792 Thread 0x000001d723fe7770 Thread exited: 0x000001d723fe7770
Event: 7.792 Thread 0x000001d723fe8bb0 Thread exited: 0x000001d723fe8bb0
Event: 8.189 Thread 0x000001d723fe6330 Thread added: 0x000001d723fe6330
Event: 8.512 Thread 0x000001d723fe6330 Thread exited: 0x000001d723fe6330
Event: 8.681 Thread 0x000001d723fe8bb0 Thread added: 0x000001d723fe8bb0
Event: 8.729 Thread 0x000001d723fe95d0 Thread added: 0x000001d723fe95d0
Event: 9.391 Thread 0x000001d723fe95d0 Thread exited: 0x000001d723fe95d0
Event: 9.415 Thread 0x000001d723fe8bb0 Thread exited: 0x000001d723fe8bb0
Event: 10.292 Thread 0x000001d723fe6330 Thread added: 0x000001d723fe6330
Event: 10.419 Thread 0x000001d723fe6d50 Thread added: 0x000001d723fe6d50


Dynamic libraries:
0x00007ff747630000 - 0x00007ff747640000 	C:\Program Files\Java\jdk-18.0.1.1\bin\java.exe
0x00007ffa76f70000 - 0x00007ffa77168000 	C:\WINDOWS\SYSTEM32\ntdll.dll
0x00007ffa76e60000 - 0x00007ffa76f1d000 	C:\WINDOWS\System32\KERNEL32.DLL
0x00007ffa74a90000 - 0x00007ffa74d62000 	C:\WINDOWS\System32\KERNELBASE.dll
0x00007ffa748b0000 - 0x00007ffa749b0000 	C:\WINDOWS\System32\ucrtbase.dll
0x00007ffa708b0000 - 0x00007ffa708c8000 	C:\Program Files\Java\jdk-18.0.1.1\bin\jli.dll
0x00007ffa75bd0000 - 0x00007ffa75c7e000 	C:\WINDOWS\System32\ADVAPI32.dll
0x00007ffa6df20000 - 0x00007ffa6df3a000 	C:\Program Files\Java\jdk-18.0.1.1\bin\VCRUNTIME140.dll
0x00007ffa76530000 - 0x00007ffa765ce000 	C:\WINDOWS\System32\msvcrt.dll
0x00007ffa765d0000 - 0x00007ffa7666c000 	C:\WINDOWS\System32\sechost.dll
0x00007ffa760f0000 - 0x00007ffa76215000 	C:\WINDOWS\System32\RPCRT4.dll
0x00007ffa76390000 - 0x00007ffa7652d000 	C:\WINDOWS\System32\USER32.dll
0x00007ffa749b0000 - 0x00007ffa749d2000 	C:\WINDOWS\System32\win32u.dll
0x00007ffa76730000 - 0x00007ffa7675b000 	C:\WINDOWS\System32\GDI32.dll
0x00007ffa74d70000 - 0x00007ffa74e7f000 	C:\WINDOWS\System32\gdi32full.dll
0x00007ffa67290000 - 0x00007ffa6752a000 	C:\WINDOWS\WinSxS\amd64_microsoft.windows.common-controls_6595b64144ccf1df_6.0.19041.1110_none_60b5254171f9507e\COMCTL32.dll
0x00007ffa74680000 - 0x00007ffa7471d000 	C:\WINDOWS\System32\msvcp_win.dll
0x00007ffa6e590000 - 0x00007ffa6e59a000 	C:\WINDOWS\SYSTEM32\VERSION.dll
0x00007ffa76300000 - 0x00007ffa76330000 	C:\WINDOWS\System32\IMM32.DLL
0x00007ffa70310000 - 0x00007ffa7031c000 	C:\Program Files\Java\jdk-18.0.1.1\bin\vcruntime140_1.dll
0x00007ffa70930000 - 0x00007ffa709bd000 	C:\Program Files\Java\jdk-18.0.1.1\bin\msvcp140.dll
0x00007ffa05f70000 - 0x00007ffa06b80000 	C:\Program Files\Java\jdk-18.0.1.1\bin\server\jvm.dll
0x00007ffa76f20000 - 0x00007ffa76f28000 	C:\WINDOWS\System32\PSAPI.DLL
0x00007ffa70870000 - 0x00007ffa70879000 	C:\WINDOWS\SYSTEM32\WSOCK32.dll
0x00007ffa767c0000 - 0x00007ffa7682b000 	C:\WINDOWS\System32\WS2_32.dll
0x00007ffa717a0000 - 0x00007ffa717c7000 	C:\WINDOWS\SYSTEM32\WINMM.dll
0x00007ffa72540000 - 0x00007ffa72552000 	C:\WINDOWS\SYSTEM32\kernel.appcore.dll
0x00007ffa6ff30000 - 0x00007ffa6ff3a000 	C:\Program Files\Java\jdk-18.0.1.1\bin\jimage.dll
0x00007ffa6c820000 - 0x00007ffa6ca04000 	C:\WINDOWS\SYSTEM32\DBGHELP.DLL
0x00007ffa6c770000 - 0x00007ffa6c79c000 	C:\WINDOWS\SYSTEM32\dbgcore.DLL
0x00007ffa74f40000 - 0x00007ffa74fc2000 	C:\WINDOWS\System32\bcryptPrimitives.dll
0x00007ffa6c7c0000 - 0x00007ffa6c7e5000 	C:\Program Files\Java\jdk-18.0.1.1\bin\java.dll
0x00007ffa57e10000 - 0x00007ffa57ee6000 	C:\Program Files\Java\jdk-18.0.1.1\bin\jsvml.dll
0x00007ffa75180000 - 0x00007ffa758c3000 	C:\WINDOWS\System32\SHELL32.dll
0x00007ffa72740000 - 0x00007ffa72ed1000 	C:\WINDOWS\SYSTEM32\windows.storage.dll
0x00007ffa76b00000 - 0x00007ffa76e54000 	C:\WINDOWS\System32\combase.dll
0x00007ffa740e0000 - 0x00007ffa74110000 	C:\WINDOWS\SYSTEM32\Wldp.dll
0x00007ffa76670000 - 0x00007ffa7671d000 	C:\WINDOWS\System32\SHCORE.dll
0x00007ffa76760000 - 0x00007ffa767b5000 	C:\WINDOWS\System32\shlwapi.dll
0x00007ffa745c0000 - 0x00007ffa745df000 	C:\WINDOWS\SYSTEM32\profapi.dll
0x00007ffa6c330000 - 0x00007ffa6c343000 	C:\Program Files\Java\jdk-18.0.1.1\bin\net.dll
0x00007ffa6c460000 - 0x00007ffa6c56d000 	C:\WINDOWS\SYSTEM32\WINHTTP.dll
0x00007ffa73e40000 - 0x00007ffa73eaa000 	C:\WINDOWS\system32\mswsock.dll
0x00007ffa6afb0000 - 0x00007ffa6afc6000 	C:\Program Files\Java\jdk-18.0.1.1\bin\nio.dll
0x00007ffa6a2b0000 - 0x00007ffa6a2c8000 	C:\Program Files\Java\jdk-18.0.1.1\bin\zip.dll
0x0000000069ac0000 - 0x0000000069ae4000 	C:\Program Files\NetBeans-13\netbeans\java\maven\lib\jansi-native\Windows\x86_64\jansi.dll
0x00007ffa6ebe0000 - 0x00007ffa6ebf0000 	C:\Program Files\Java\jdk-18.0.1.1\bin\verify.dll

dbghelp: loaded successfully - version: 4.0.5 - missing functions: none
symbol engine: initialized successfully - sym options: 0x614 - pdb path: .;C:\Program Files\Java\jdk-18.0.1.1\bin;C:\WINDOWS\SYSTEM32;C:\WINDOWS\WinSxS\amd64_microsoft.windows.common-controls_6595b64144ccf1df_6.0.19041.1110_none_60b5254171f9507e;C:\Program Files\Java\jdk-18.0.1.1\bin\server;C:\Program Files\NetBeans-13\netbeans\java\maven\lib\jansi-native\Windows\x86_64

VM Arguments:
jvm_args: -Dclassworlds.conf=C:\Program Files\NetBeans-13\netbeans\java\maven\bin\m2.conf -Dmaven.home=C:\Program Files\NetBeans-13\netbeans\java\maven -Dlibrary.jansi.path=C:\Program Files\NetBeans-13\netbeans\java\maven\lib\jansi-native -Dmaven.multiModuleProjectDirectory=C:\Users\maria\OneDrive\Documentos\NetBeansProjects\Cine 
java_command: org.codehaus.plexus.classworlds.launcher.Launcher -Dmaven.ext.class.path=C:\Program Files\NetBeans-13\netbeans\java\maven-nblib\netbeans-eventspy.jar clean install
java_class_path (initial): C:\Program Files\NetBeans-13\netbeans\java\maven\boot\plexus-classworlds-2.6.0.jar
Launcher Type: SUN_STANDARD

[Global flags]
     intx CICompilerCount                          = 4                                         {product} {ergonomic}
     uint ConcGCThreads                            = 2                                         {product} {ergonomic}
     uint G1ConcRefinementThreads                  = 8                                         {product} {ergonomic}
   size_t G1HeapRegionSize                         = 1048576                                   {product} {ergonomic}
    uintx GCDrainStackTargetSize                   = 64                                        {product} {ergonomic}
   size_t InitialHeapSize                          = 134217728                                 {product} {ergonomic}
   size_t MarkStackSize                            = 4194304                                   {product} {ergonomic}
   size_t MaxHeapSize                              = 2124414976                                {product} {ergonomic}
   size_t MaxNewSize                               = 1274019840                                {product} {ergonomic}
   size_t MinHeapDeltaBytes                        = 1048576                                   {product} {ergonomic}
   size_t MinHeapSize                              = 8388608                                   {product} {ergonomic}
    uintx NonNMethodCodeHeapSize                   = 5839372                                {pd product} {ergonomic}
    uintx NonProfiledCodeHeapSize                  = 122909434                              {pd product} {ergonomic}
    uintx ProfiledCodeHeapSize                     = 122909434                              {pd product} {ergonomic}
    uintx ReservedCodeCacheSize                    = 251658240                              {pd product} {ergonomic}
     bool SegmentedCodeCache                       = true                                      {product} {ergonomic}
   size_t SoftMaxHeapSize                          = 2124414976                             {manageable} {ergonomic}
     bool UseCompressedClassPointers               = true                           {product lp64_product} {ergonomic}
     bool UseCompressedOops                        = true                           {product lp64_product} {ergonomic}
     bool UseG1GC                                  = true                                      {product} {ergonomic}
     bool UseLargePagesIndividualAllocation        = false                                  {pd product} {ergonomic}

Logging:
Log output configuration:
 #0: stdout all=warning uptime,level,tags foldmultilines=false
 #1: stderr all=off uptime,level,tags foldmultilines=false

Environment Variables:
JAVA_HOME=C:\Program Files\Java\jdk-18.0.1.1
PATH=C:\Program Files\Common Files\Oracle\Java\javapath;C:\WINDOWS\system32;C:\WINDOWS;C:\WINDOWS\System32\Wbem;C:\WINDOWS\System32\WindowsPowerShell\v1.0\;C:\WINDOWS\System32\OpenSSH\;C:\Program Files\Java\jdk-18.0.1.1\bin;C:\Program Files\Git\cmd;C:\Program Files\MySQL\MySQL Shell 8.0\bin\;C:\Users\maria\AppData\Local\Microsoft\WindowsApps;C:\ProgramData\maria\GitHubDesktop\bin;C:\Users\maria\AppData\Local\GitHubDesktop\bin
USERNAME=maria
OS=Windows_NT
PROCESSOR_IDENTIFIER=Intel64 Family 6 Model 142 Stepping 10, GenuineIntel



---------------  S Y S T E M  ---------------

OS:
 Windows 10 , 64 bit Build 19041 (10.0.19041.1889)
OS uptime: 15 days 18:09 hours

CPU: total 8 (initial active 8) (4 cores per cpu, 2 threads per core) family 6 model 142 stepping 10 microcode 0xb4, cx8, cmov, fxsr, ht, mmx, 3dnowpref, sse, sse2, sse3, ssse3, sse4.1, sse4.2, popcnt, lzcnt, tsc, tscinvbit, avx, avx2, aes, erms, clmul, bmi1, bmi2, adx, fma, vzeroupper, clflush, clflushopt

Memory: 4k page, system-wide physical 8101M (1605M free)
TotalPageFile size 32677M (AvailPageFile size 8M)
current process WorkingSet (physical memory assigned to process): 144M, peak: 148M
current process commit charge ("private bytes"): 254M, peak: 259M

vm_info: Java HotSpot(TM) 64-Bit Server VM (18.0.1.1+2-6) for windows-amd64 JRE (18.0.1.1+2-6), built on Apr 25 2022 21:53:15 by "mach5one" with MS VC++ 16.8 / 16.9 (VS2019)

END.
